CRITICAL - 2023-01-03 06:31:15 --> Non-static method App\Controllers\Aufgaben::getindex() cannot be called statically
in APPPATH\Views\Login.php on line 4.
 1 SYSTEMPATH\View\View.php(213): include()
 2 SYSTEMPATH\View\View.php(216): CodeIgniter\View\View->CodeIgniter\View\{closure}()
 3 SYSTEMPATH\Common.php(1135): CodeIgniter\View\View->render('Login', [], true)
 4 APPPATH\Controllers\Login.php(28): view('Login')
 5 SYSTEMPATH\CodeIgniter.php(925): App\Controllers\Login->getindex()
 6 SYSTEMPATH\CodeIgniter.php(480): CodeIgniter\CodeIgniter->runController(Object(App\Controllers\Login))
 7 SYSTEMPATH\CodeIgniter.php(349): CodeIgniter\CodeIgniter->handleRequest(null, Object(Config\Cache), false)
 8 FCPATH\index.php(67): CodeIgniter\CodeIgniter->run()
CRITICAL - 2023-01-03 06:31:31 --> Undefined constant "App\Controllers\Aufgaben"
in APPPATH\Views\Login.php on line 4.
 1 SYSTEMPATH\View\View.php(213): include()
 2 SYSTEMPATH\View\View.php(216): CodeIgniter\View\View->CodeIgniter\View\{closure}()
 3 SYSTEMPATH\Common.php(1135): CodeIgniter\View\View->render('Login', [], true)
 4 APPPATH\Controllers\Login.php(28): view('Login')
 5 SYSTEMPATH\CodeIgniter.php(925): App\Controllers\Login->getindex()
 6 SYSTEMPATH\CodeIgniter.php(480): CodeIgniter\CodeIgniter->runController(Object(App\Controllers\Login))
 7 SYSTEMPATH\CodeIgniter.php(349): CodeIgniter\CodeIgniter->handleRequest(null, Object(Config\Cache), false)
 8 FCPATH\index.php(67): CodeIgniter\CodeIgniter->run()
