CRITICAL - 2023-01-31 07:08:06 --> Object of class CodeIgniter\HTTP\RedirectResponse could not be converted to string
in APPPATH\Views\Aufgaben\Aufgaben.php on line 96.
 1 SYSTEMPATH\View\View.php(213): include()
 2 SYSTEMPATH\View\View.php(216): CodeIgniter\View\View->CodeIgniter\View\{closure}()
 3 SYSTEMPATH\Common.php(1135): CodeIgniter\View\View->render('Aufgaben/Aufgaben', [], true)
 4 APPPATH\Controllers\Aufgaben.php(30): view('Aufgaben/Aufgaben', [...])
 5 SYSTEMPATH\CodeIgniter.php(925): App\Controllers\Aufgaben->index()
 6 SYSTEMPATH\CodeIgniter.php(480): CodeIgniter\CodeIgniter->runController(Object(App\Controllers\Aufgaben))
 7 SYSTEMPATH\CodeIgniter.php(349): CodeIgniter\CodeIgniter->handleRequest(null, Object(Config\Cache), false)
 8 FCPATH\index.php(67): CodeIgniter\CodeIgniter->run()
CRITICAL - 2023-01-31 08:13:05 --> Undefined array key "name"
in APPPATH\Views\Projekte\Projekte.php on line 46.
 1 APPPATH\Views\Projekte\Projekte.php(46): CodeIgniter\Debug\Exceptions->errorHandler(2, 'Undefined array key "name"', 'APPPATH\\Views\\Projekte\\Projekte.php', 46)
 2 SYSTEMPATH\View\View.php(213): include('APPPATH\\Views\\Projekte\\Projekte.php')
 3 SYSTEMPATH\View\View.php(216): CodeIgniter\View\View->CodeIgniter\View\{closure}()
 4 SYSTEMPATH\Common.php(1135): CodeIgniter\View\View->render('Projekte/Projekte', [], true)
 5 APPPATH\Controllers\Projekte.php(35): view('Projekte/Projekte', [...])
 6 SYSTEMPATH\CodeIgniter.php(925): App\Controllers\Projekte->index()
 7 SYSTEMPATH\CodeIgniter.php(480): CodeIgniter\CodeIgniter->runController(Object(App\Controllers\Projekte))
 8 SYSTEMPATH\CodeIgniter.php(349): CodeIgniter\CodeIgniter->handleRequest(null, Object(Config\Cache), false)
 9 FCPATH\index.php(67): CodeIgniter\CodeIgniter->run()
CRITICAL - 2023-01-31 09:49:32 --> Trying to access array offset on value of type null
in APPPATH\Controllers\Projekte.php on line 23.
 1 APPPATH\Controllers\Projekte.php(23): CodeIgniter\Debug\Exceptions->errorHandler(2, 'Trying to access array offset on value of type null', 'APPPATH\\Controllers\\Projekte.php', 23)
 2 SYSTEMPATH\CodeIgniter.php(925): App\Controllers\Projekte->index()
 3 SYSTEMPATH\CodeIgniter.php(480): CodeIgniter\CodeIgniter->runController(Object(App\Controllers\Projekte))
 4 SYSTEMPATH\CodeIgniter.php(349): CodeIgniter\CodeIgniter->handleRequest(null, Object(Config\Cache), false)
 5 FCPATH\index.php(67): CodeIgniter\CodeIgniter->run()
CRITICAL - 2023-01-31 09:49:45 --> Undefined array key "mitgliedUsername"
in APPPATH\Views\Aufgaben\Aufgaben.php on line 52.
 1 APPPATH\Views\Aufgaben\Aufgaben.php(52): CodeIgniter\Debug\Exceptions->errorHandler(2, 'Undefined array key "mitgliedUsername"', 'APPPATH\\Views\\Aufgaben\\Aufgaben.php', 52)
 2 SYSTEMPATH\View\View.php(213): include('APPPATH\\Views\\Aufgaben\\Aufgaben.php')
 3 SYSTEMPATH\View\View.php(216): CodeIgniter\View\View->CodeIgniter\View\{closure}()
 4 SYSTEMPATH\Common.php(1135): CodeIgniter\View\View->render('Aufgaben/Aufgaben', [], true)
 5 APPPATH\Controllers\Aufgaben.php(29): view('Aufgaben/Aufgaben', [...])
 6 SYSTEMPATH\CodeIgniter.php(925): App\Controllers\Aufgaben->index()
 7 SYSTEMPATH\CodeIgniter.php(480): CodeIgniter\CodeIgniter->runController(Object(App\Controllers\Aufgaben))
 8 SYSTEMPATH\CodeIgniter.php(349): CodeIgniter\CodeIgniter->handleRequest(null, Object(Config\Cache), false)
 9 FCPATH\index.php(67): CodeIgniter\CodeIgniter->run()
ERROR - 2023-01-31 10:52:27 --> mysqli_sql_exception: Cannot delete or update a parent row: a foreign key constraint fails (`webentwicklung`.`aufgaben`, CONSTRAINT `aufg_to_reit` FOREIGN KEY (`reiter`) REFERENCES `reiter` (`id`)) in C:\xampp\htdocs\codeigniteru6\system\Database\MySQLi\Connection.php:292
Stack trace:
#0 C:\xampp\htdocs\codeigniteru6\system\Database\MySQLi\Connection.php(292): mysqli->query('DELETE FROM `re...', 0)
#1 C:\xampp\htdocs\codeigniteru6\system\Database\BaseConnection.php(666): CodeIgniter\Database\MySQLi\Connection->execute('DELETE FROM `re...')
#2 C:\xampp\htdocs\codeigniteru6\system\Database\BaseConnection.php(593): CodeIgniter\Database\BaseConnection->simpleQuery('DELETE FROM `re...')
#3 C:\xampp\htdocs\codeigniteru6\system\Database\BaseBuilder.php(2391): CodeIgniter\Database\BaseConnection->query('DELETE FROM `re...', Array, false)
#4 C:\xampp\htdocs\codeigniteru6\app\Models\ReiterModel.php(41): CodeIgniter\Database\BaseBuilder->delete()
#5 C:\xampp\htdocs\codeigniteru6\app\Controllers\Reiter.php(51): App\Models\ReiterModel->deleteReiter()
#6 C:\xampp\htdocs\codeigniteru6\system\CodeIgniter.php(925): App\Controllers\Reiter->submit_edit()
#7 C:\xampp\htdocs\codeigniteru6\system\CodeIgniter.php(480): CodeIgniter\CodeIgniter->runController(Object(App\Controllers\Reiter))
#8 C:\xampp\htdocs\codeigniteru6\system\CodeIgniter.php(349): CodeIgniter\CodeIgniter->handleRequest(NULL, Object(Config\Cache), false)
#9 C:\xampp\htdocs\codeigniteru6\public\index.php(67): CodeIgniter\CodeIgniter->run()
#10 {main}
CRITICAL - 2023-01-31 10:52:27 --> Cannot delete or update a parent row: a foreign key constraint fails (`webentwicklung`.`aufgaben`, CONSTRAINT `aufg_to_reit` FOREIGN KEY (`reiter`) REFERENCES `reiter` (`id`))
in SYSTEMPATH\Database\MySQLi\Connection.php on line 292.
 1 SYSTEMPATH\Database\MySQLi\Connection.php(292): mysqli->query('DELETE FROM `reiter`
WHERE `reiter`.`id` = \'1\'', 0)
 2 SYSTEMPATH\Database\BaseConnection.php(666): CodeIgniter\Database\MySQLi\Connection->execute('DELETE FROM `reiter`
WHERE `reiter`.`id` = \'1\'')
 3 SYSTEMPATH\Database\BaseConnection.php(593): CodeIgniter\Database\BaseConnection->simpleQuery('DELETE FROM `reiter`
WHERE `reiter`.`id` = \'1\'')
 4 SYSTEMPATH\Database\BaseBuilder.php(2391): CodeIgniter\Database\BaseConnection->query('DELETE FROM `reiter`
WHERE `reiter`.`id` = :reiter.id:', [...], false)
 5 APPPATH\Models\ReiterModel.php(41): CodeIgniter\Database\BaseBuilder->delete()
 6 APPPATH\Controllers\Reiter.php(51): App\Models\ReiterModel->deleteReiter()
 7 SYSTEMPATH\CodeIgniter.php(925): App\Controllers\Reiter->submit_edit()
 8 SYSTEMPATH\CodeIgniter.php(480): CodeIgniter\CodeIgniter->runController(Object(App\Controllers\Reiter))
 9 SYSTEMPATH\CodeIgniter.php(349): CodeIgniter\CodeIgniter->handleRequest(null, Object(Config\Cache), false)
10 FCPATH\index.php(67): CodeIgniter\CodeIgniter->run()
CRITICAL - 2023-01-31 11:13:02 --> Undefined variable $a
in APPPATH\Views\Aufgaben\Aufgaben.php on line 97.
 1 APPPATH\Views\Aufgaben\Aufgaben.php(97): CodeIgniter\Debug\Exceptions->errorHandler(2, 'Undefined variable $a', 'APPPATH\\Views\\Aufgaben\\Aufgaben.php', 97)
 2 SYSTEMPATH\View\View.php(213): include('APPPATH\\Views\\Aufgaben\\Aufgaben.php')
 3 SYSTEMPATH\View\View.php(216): CodeIgniter\View\View->CodeIgniter\View\{closure}()
 4 SYSTEMPATH\Common.php(1135): CodeIgniter\View\View->render('Aufgaben/Aufgaben', [], true)
 5 APPPATH\Controllers\Aufgaben.php(29): view('Aufgaben/Aufgaben', [...])
 6 SYSTEMPATH\CodeIgniter.php(925): App\Controllers\Aufgaben->index()
 7 SYSTEMPATH\CodeIgniter.php(480): CodeIgniter\CodeIgniter->runController(Object(App\Controllers\Aufgaben))
 8 SYSTEMPATH\CodeIgniter.php(349): CodeIgniter\CodeIgniter->handleRequest(null, Object(Config\Cache), false)
 9 FCPATH\index.php(67): CodeIgniter\CodeIgniter->run()
CRITICAL - 2023-01-31 12:26:40 --> Too few arguments to function App\Models\AufgabenModel::deleteAufgabe(), 0 passed in C:\xampp\htdocs\codeigniteru6\app\Controllers\Aufgaben.php on line 46 and exactly 1 expected
in APPPATH\Models\AufgabenModel.php on line 98.
 1 APPPATH\Controllers\Aufgaben.php(46): App\Models\AufgabenModel->deleteAufgabe()
 2 SYSTEMPATH\CodeIgniter.php(925): App\Controllers\Aufgaben->submit_edit()
 3 SYSTEMPATH\CodeIgniter.php(480): CodeIgniter\CodeIgniter->runController(Object(App\Controllers\Aufgaben))
 4 SYSTEMPATH\CodeIgniter.php(349): CodeIgniter\CodeIgniter->handleRequest(null, Object(Config\Cache), false)
 5 FCPATH\index.php(67): CodeIgniter\CodeIgniter->run()
