CRITICAL - 2023-01-07 10:32:22 --> Undefined variable $item
in APPPATH\Views\Mitglieder\Mitglieder.php on line 14.
 1 APPPATH\Views\Mitglieder\Mitglieder.php(14): CodeIgniter\Debug\Exceptions->errorHandler(2, 'Undefined variable $item', 'APPPATH\\Views\\Mitglieder\\Mitglieder.php', 14)
 2 SYSTEMPATH\View\View.php(213): include('APPPATH\\Views\\Mitglieder\\Mitglieder.php')
 3 SYSTEMPATH\View\View.php(216): CodeIgniter\View\View->CodeIgniter\View\{closure}()
 4 SYSTEMPATH\Common.php(1135): CodeIgniter\View\View->render('Mitglieder/Mitglieder', [], true)
 5 APPPATH\Controllers\Mitglieder.php(20): view('Mitglieder/Mitglieder', [...])
 6 SYSTEMPATH\CodeIgniter.php(925): App\Controllers\Mitglieder->getindex()
 7 SYSTEMPATH\CodeIgniter.php(480): CodeIgniter\CodeIgniter->runController(Object(App\Controllers\Mitglieder))
 8 SYSTEMPATH\CodeIgniter.php(349): CodeIgniter\CodeIgniter->handleRequest(null, Object(Config\Cache), false)
 9 FCPATH\index.php(67): CodeIgniter\CodeIgniter->run()
CRITICAL - 2023-01-07 10:34:13 --> var_dump() expects at least 1 argument, 0 given
in APPPATH\Views\Mitglieder\Mitglieder.php on line 3.
 1 APPPATH\Views\Mitglieder\Mitglieder.php(3): var_dump()
 2 SYSTEMPATH\View\View.php(213): include('APPPATH\\Views\\Mitglieder\\Mitglieder.php')
 3 SYSTEMPATH\View\View.php(216): CodeIgniter\View\View->CodeIgniter\View\{closure}()
 4 SYSTEMPATH\Common.php(1135): CodeIgniter\View\View->render('Mitglieder/Mitglieder', [], true)
 5 APPPATH\Controllers\Mitglieder.php(20): view('Mitglieder/Mitglieder', [...])
 6 SYSTEMPATH\CodeIgniter.php(925): App\Controllers\Mitglieder->getindex()
 7 SYSTEMPATH\CodeIgniter.php(480): CodeIgniter\CodeIgniter->runController(Object(App\Controllers\Mitglieder))
 8 SYSTEMPATH\CodeIgniter.php(349): CodeIgniter\CodeIgniter->handleRequest(null, Object(Config\Cache), false)
 9 FCPATH\index.php(67): CodeIgniter\CodeIgniter->run()
CRITICAL - 2023-01-07 10:34:31 --> var_dump() expects at least 1 argument, 0 given
in APPPATH\Views\Mitglieder\Mitglieder.php on line 3.
 1 APPPATH\Views\Mitglieder\Mitglieder.php(3): var_dump()
 2 SYSTEMPATH\View\View.php(213): include('APPPATH\\Views\\Mitglieder\\Mitglieder.php')
 3 SYSTEMPATH\View\View.php(216): CodeIgniter\View\View->CodeIgniter\View\{closure}()
 4 SYSTEMPATH\Common.php(1135): CodeIgniter\View\View->render('Mitglieder/Mitglieder', [], true)
 5 APPPATH\Controllers\Mitglieder.php(20): view('Mitglieder/Mitglieder', [...])
 6 SYSTEMPATH\CodeIgniter.php(925): App\Controllers\Mitglieder->getindex()
 7 SYSTEMPATH\CodeIgniter.php(480): CodeIgniter\CodeIgniter->runController(Object(App\Controllers\Mitglieder))
 8 SYSTEMPATH\CodeIgniter.php(349): CodeIgniter\CodeIgniter->handleRequest(null, Object(Config\Cache), false)
 9 FCPATH\index.php(67): CodeIgniter\CodeIgniter->run()
CRITICAL - 2023-01-07 10:35:41 --> Undefined variable $item
in APPPATH\Views\Mitglieder\Mitglieder.php on line 14.
 1 APPPATH\Views\Mitglieder\Mitglieder.php(14): CodeIgniter\Debug\Exceptions->errorHandler(2, 'Undefined variable $item', 'APPPATH\\Views\\Mitglieder\\Mitglieder.php', 14)
 2 SYSTEMPATH\View\View.php(213): include('APPPATH\\Views\\Mitglieder\\Mitglieder.php')
 3 SYSTEMPATH\View\View.php(216): CodeIgniter\View\View->CodeIgniter\View\{closure}()
 4 SYSTEMPATH\Common.php(1135): CodeIgniter\View\View->render('Mitglieder/Mitglieder', [], true)
 5 APPPATH\Controllers\Mitglieder.php(20): view('Mitglieder/Mitglieder', [...])
 6 SYSTEMPATH\CodeIgniter.php(925): App\Controllers\Mitglieder->getindex()
 7 SYSTEMPATH\CodeIgniter.php(480): CodeIgniter\CodeIgniter->runController(Object(App\Controllers\Mitglieder))
 8 SYSTEMPATH\CodeIgniter.php(349): CodeIgniter\CodeIgniter->handleRequest(null, Object(Config\Cache), false)
 9 FCPATH\index.php(67): CodeIgniter\CodeIgniter->run()
CRITICAL - 2023-01-07 10:36:24 --> Undefined variable $item
in APPPATH\Views\Mitglieder\Mitglieder.php on line 14.
 1 APPPATH\Views\Mitglieder\Mitglieder.php(14): CodeIgniter\Debug\Exceptions->errorHandler(2, 'Undefined variable $item', 'APPPATH\\Views\\Mitglieder\\Mitglieder.php', 14)
 2 SYSTEMPATH\View\View.php(213): include('APPPATH\\Views\\Mitglieder\\Mitglieder.php')
 3 SYSTEMPATH\View\View.php(216): CodeIgniter\View\View->CodeIgniter\View\{closure}()
 4 SYSTEMPATH\Common.php(1135): CodeIgniter\View\View->render('Mitglieder/Mitglieder', [], true)
 5 APPPATH\Controllers\Mitglieder.php(20): view('Mitglieder/Mitglieder', [...])
 6 SYSTEMPATH\CodeIgniter.php(925): App\Controllers\Mitglieder->getindex()
 7 SYSTEMPATH\CodeIgniter.php(480): CodeIgniter\CodeIgniter->runController(Object(App\Controllers\Mitglieder))
 8 SYSTEMPATH\CodeIgniter.php(349): CodeIgniter\CodeIgniter->handleRequest(null, Object(Config\Cache), false)
 9 FCPATH\index.php(67): CodeIgniter\CodeIgniter->run()
CRITICAL - 2023-01-07 10:36:52 --> Undefined variable $item
in APPPATH\Views\Mitglieder\Mitglieder.php on line 14.
 1 APPPATH\Views\Mitglieder\Mitglieder.php(14): CodeIgniter\Debug\Exceptions->errorHandler(2, 'Undefined variable $item', 'APPPATH\\Views\\Mitglieder\\Mitglieder.php', 14)
 2 SYSTEMPATH\View\View.php(213): include('APPPATH\\Views\\Mitglieder\\Mitglieder.php')
 3 SYSTEMPATH\View\View.php(216): CodeIgniter\View\View->CodeIgniter\View\{closure}()
 4 SYSTEMPATH\Common.php(1135): CodeIgniter\View\View->render('Mitglieder/Mitglieder', [], true)
 5 APPPATH\Controllers\Mitglieder.php(20): view('Mitglieder/Mitglieder', [...])
 6 SYSTEMPATH\CodeIgniter.php(925): App\Controllers\Mitglieder->getindex()
 7 SYSTEMPATH\CodeIgniter.php(480): CodeIgniter\CodeIgniter->runController(Object(App\Controllers\Mitglieder))
 8 SYSTEMPATH\CodeIgniter.php(349): CodeIgniter\CodeIgniter->handleRequest(null, Object(Config\Cache), false)
 9 FCPATH\index.php(67): CodeIgniter\CodeIgniter->run()
CRITICAL - 2023-01-07 10:39:02 --> Undefined variable $item
in APPPATH\Views\Mitglieder\Mitglieder.php on line 14.
 1 APPPATH\Views\Mitglieder\Mitglieder.php(14): CodeIgniter\Debug\Exceptions->errorHandler(2, 'Undefined variable $item', 'APPPATH\\Views\\Mitglieder\\Mitglieder.php', 14)
 2 SYSTEMPATH\View\View.php(213): include('APPPATH\\Views\\Mitglieder\\Mitglieder.php')
 3 SYSTEMPATH\View\View.php(216): CodeIgniter\View\View->CodeIgniter\View\{closure}()
 4 SYSTEMPATH\Common.php(1135): CodeIgniter\View\View->render('Mitglieder/Mitglieder', [], true)
 5 APPPATH\Controllers\Mitglieder.php(20): view('Mitglieder/Mitglieder', [...])
 6 SYSTEMPATH\CodeIgniter.php(925): App\Controllers\Mitglieder->getindex()
 7 SYSTEMPATH\CodeIgniter.php(480): CodeIgniter\CodeIgniter->runController(Object(App\Controllers\Mitglieder))
 8 SYSTEMPATH\CodeIgniter.php(349): CodeIgniter\CodeIgniter->handleRequest(null, Object(Config\Cache), false)
 9 FCPATH\index.php(67): CodeIgniter\CodeIgniter->run()
CRITICAL - 2023-01-07 10:39:07 --> Undefined variable $item
in APPPATH\Views\Mitglieder\Mitglieder.php on line 14.
 1 APPPATH\Views\Mitglieder\Mitglieder.php(14): CodeIgniter\Debug\Exceptions->errorHandler(2, 'Undefined variable $item', 'APPPATH\\Views\\Mitglieder\\Mitglieder.php', 14)
 2 SYSTEMPATH\View\View.php(213): include('APPPATH\\Views\\Mitglieder\\Mitglieder.php')
 3 SYSTEMPATH\View\View.php(216): CodeIgniter\View\View->CodeIgniter\View\{closure}()
 4 SYSTEMPATH\Common.php(1135): CodeIgniter\View\View->render('Mitglieder/Mitglieder', [], true)
 5 APPPATH\Controllers\Mitglieder.php(20): view('Mitglieder/Mitglieder', [...])
 6 SYSTEMPATH\CodeIgniter.php(925): App\Controllers\Mitglieder->getindex()
 7 SYSTEMPATH\CodeIgniter.php(480): CodeIgniter\CodeIgniter->runController(Object(App\Controllers\Mitglieder))
 8 SYSTEMPATH\CodeIgniter.php(349): CodeIgniter\CodeIgniter->handleRequest(null, Object(Config\Cache), false)
 9 FCPATH\index.php(67): CodeIgniter\CodeIgniter->run()
CRITICAL - 2023-01-07 10:41:31 --> Undefined variable $item
in APPPATH\Views\Mitglieder\Mitglieder.php on line 14.
 1 APPPATH\Views\Mitglieder\Mitglieder.php(14): CodeIgniter\Debug\Exceptions->errorHandler(2, 'Undefined variable $item', 'APPPATH\\Views\\Mitglieder\\Mitglieder.php', 14)
 2 SYSTEMPATH\View\View.php(213): include('APPPATH\\Views\\Mitglieder\\Mitglieder.php')
 3 SYSTEMPATH\View\View.php(216): CodeIgniter\View\View->CodeIgniter\View\{closure}()
 4 SYSTEMPATH\Common.php(1135): CodeIgniter\View\View->render('Mitglieder/Mitglieder', [], true)
 5 APPPATH\Controllers\Mitglieder.php(20): view('Mitglieder/Mitglieder', [...])
 6 SYSTEMPATH\CodeIgniter.php(925): App\Controllers\Mitglieder->getindex()
 7 SYSTEMPATH\CodeIgniter.php(480): CodeIgniter\CodeIgniter->runController(Object(App\Controllers\Mitglieder))
 8 SYSTEMPATH\CodeIgniter.php(349): CodeIgniter\CodeIgniter->handleRequest(null, Object(Config\Cache), false)
 9 FCPATH\index.php(67): CodeIgniter\CodeIgniter->run()
CRITICAL - 2023-01-07 10:42:48 --> Undefined variable $item
in APPPATH\Views\Mitglieder\Mitglieder.php on line 14.
 1 APPPATH\Views\Mitglieder\Mitglieder.php(14): CodeIgniter\Debug\Exceptions->errorHandler(2, 'Undefined variable $item', 'APPPATH\\Views\\Mitglieder\\Mitglieder.php', 14)
 2 SYSTEMPATH\View\View.php(213): include('APPPATH\\Views\\Mitglieder\\Mitglieder.php')
 3 SYSTEMPATH\View\View.php(216): CodeIgniter\View\View->CodeIgniter\View\{closure}()
 4 SYSTEMPATH\Common.php(1135): CodeIgniter\View\View->render('Mitglieder/Mitglieder', [], true)
 5 APPPATH\Controllers\Mitglieder.php(20): view('Mitglieder/Mitglieder', [...])
 6 SYSTEMPATH\CodeIgniter.php(925): App\Controllers\Mitglieder->getindex()
 7 SYSTEMPATH\CodeIgniter.php(480): CodeIgniter\CodeIgniter->runController(Object(App\Controllers\Mitglieder))
 8 SYSTEMPATH\CodeIgniter.php(349): CodeIgniter\CodeIgniter->handleRequest(null, Object(Config\Cache), false)
 9 FCPATH\index.php(67): CodeIgniter\CodeIgniter->run()
CRITICAL - 2023-01-07 10:43:54 --> Undefined variable $item
in APPPATH\Views\Mitglieder\Mitglieder.php on line 14.
 1 APPPATH\Views\Mitglieder\Mitglieder.php(14): CodeIgniter\Debug\Exceptions->errorHandler(2, 'Undefined variable $item', 'APPPATH\\Views\\Mitglieder\\Mitglieder.php', 14)
 2 SYSTEMPATH\View\View.php(213): include('APPPATH\\Views\\Mitglieder\\Mitglieder.php')
 3 SYSTEMPATH\View\View.php(216): CodeIgniter\View\View->CodeIgniter\View\{closure}()
 4 SYSTEMPATH\Common.php(1135): CodeIgniter\View\View->render('Mitglieder/Mitglieder', [], true)
 5 APPPATH\Controllers\Mitglieder.php(20): view('Mitglieder/Mitglieder', [...])
 6 SYSTEMPATH\CodeIgniter.php(925): App\Controllers\Mitglieder->getindex()
 7 SYSTEMPATH\CodeIgniter.php(480): CodeIgniter\CodeIgniter->runController(Object(App\Controllers\Mitglieder))
 8 SYSTEMPATH\CodeIgniter.php(349): CodeIgniter\CodeIgniter->handleRequest(null, Object(Config\Cache), false)
 9 FCPATH\index.php(67): CodeIgniter\CodeIgniter->run()
CRITICAL - 2023-01-07 10:44:56 --> Undefined variable $item
in APPPATH\Views\Mitglieder\Mitglieder.php on line 14.
 1 APPPATH\Views\Mitglieder\Mitglieder.php(14): CodeIgniter\Debug\Exceptions->errorHandler(2, 'Undefined variable $item', 'APPPATH\\Views\\Mitglieder\\Mitglieder.php', 14)
 2 SYSTEMPATH\View\View.php(213): include('APPPATH\\Views\\Mitglieder\\Mitglieder.php')
 3 SYSTEMPATH\View\View.php(216): CodeIgniter\View\View->CodeIgniter\View\{closure}()
 4 SYSTEMPATH\Common.php(1135): CodeIgniter\View\View->render('Mitglieder/Mitglieder', [], true)
 5 APPPATH\Controllers\Mitglieder.php(20): view('Mitglieder/Mitglieder', [...])
 6 SYSTEMPATH\CodeIgniter.php(925): App\Controllers\Mitglieder->getindex()
 7 SYSTEMPATH\CodeIgniter.php(480): CodeIgniter\CodeIgniter->runController(Object(App\Controllers\Mitglieder))
 8 SYSTEMPATH\CodeIgniter.php(349): CodeIgniter\CodeIgniter->handleRequest(null, Object(Config\Cache), false)
 9 FCPATH\index.php(67): CodeIgniter\CodeIgniter->run()
CRITICAL - 2023-01-07 10:45:33 --> Undefined variable $item
in APPPATH\Views\Mitglieder\Mitglieder.php on line 14.
 1 APPPATH\Views\Mitglieder\Mitglieder.php(14): CodeIgniter\Debug\Exceptions->errorHandler(2, 'Undefined variable $item', 'APPPATH\\Views\\Mitglieder\\Mitglieder.php', 14)
 2 SYSTEMPATH\View\View.php(213): include('APPPATH\\Views\\Mitglieder\\Mitglieder.php')
 3 SYSTEMPATH\View\View.php(216): CodeIgniter\View\View->CodeIgniter\View\{closure}()
 4 SYSTEMPATH\Common.php(1135): CodeIgniter\View\View->render('Mitglieder/Mitglieder', [], true)
 5 APPPATH\Controllers\Mitglieder.php(20): view('Mitglieder/Mitglieder', [...])
 6 SYSTEMPATH\CodeIgniter.php(925): App\Controllers\Mitglieder->getindex()
 7 SYSTEMPATH\CodeIgniter.php(480): CodeIgniter\CodeIgniter->runController(Object(App\Controllers\Mitglieder))
 8 SYSTEMPATH\CodeIgniter.php(349): CodeIgniter\CodeIgniter->handleRequest(null, Object(Config\Cache), false)
 9 FCPATH\index.php(67): CodeIgniter\CodeIgniter->run()
CRITICAL - 2023-01-07 10:45:34 --> Undefined variable $item
in APPPATH\Views\Mitglieder\Mitglieder.php on line 14.
 1 APPPATH\Views\Mitglieder\Mitglieder.php(14): CodeIgniter\Debug\Exceptions->errorHandler(2, 'Undefined variable $item', 'APPPATH\\Views\\Mitglieder\\Mitglieder.php', 14)
 2 SYSTEMPATH\View\View.php(213): include('APPPATH\\Views\\Mitglieder\\Mitglieder.php')
 3 SYSTEMPATH\View\View.php(216): CodeIgniter\View\View->CodeIgniter\View\{closure}()
 4 SYSTEMPATH\Common.php(1135): CodeIgniter\View\View->render('Mitglieder/Mitglieder', [], true)
 5 APPPATH\Controllers\Mitglieder.php(20): view('Mitglieder/Mitglieder', [...])
 6 SYSTEMPATH\CodeIgniter.php(925): App\Controllers\Mitglieder->getindex()
 7 SYSTEMPATH\CodeIgniter.php(480): CodeIgniter\CodeIgniter->runController(Object(App\Controllers\Mitglieder))
 8 SYSTEMPATH\CodeIgniter.php(349): CodeIgniter\CodeIgniter->handleRequest(null, Object(Config\Cache), false)
 9 FCPATH\index.php(67): CodeIgniter\CodeIgniter->run()
CRITICAL - 2023-01-07 10:45:37 --> Undefined variable $item
in APPPATH\Views\Mitglieder\Mitglieder.php on line 14.
 1 APPPATH\Views\Mitglieder\Mitglieder.php(14): CodeIgniter\Debug\Exceptions->errorHandler(2, 'Undefined variable $item', 'APPPATH\\Views\\Mitglieder\\Mitglieder.php', 14)
 2 SYSTEMPATH\View\View.php(213): include('APPPATH\\Views\\Mitglieder\\Mitglieder.php')
 3 SYSTEMPATH\View\View.php(216): CodeIgniter\View\View->CodeIgniter\View\{closure}()
 4 SYSTEMPATH\Common.php(1135): CodeIgniter\View\View->render('Mitglieder/Mitglieder', [], true)
 5 APPPATH\Controllers\Mitglieder.php(20): view('Mitglieder/Mitglieder', [...])
 6 SYSTEMPATH\CodeIgniter.php(925): App\Controllers\Mitglieder->getindex()
 7 SYSTEMPATH\CodeIgniter.php(480): CodeIgniter\CodeIgniter->runController(Object(App\Controllers\Mitglieder))
 8 SYSTEMPATH\CodeIgniter.php(349): CodeIgniter\CodeIgniter->handleRequest(null, Object(Config\Cache), false)
 9 FCPATH\index.php(67): CodeIgniter\CodeIgniter->run()
CRITICAL - 2023-01-07 10:45:38 --> Undefined variable $item
in APPPATH\Views\Mitglieder\Mitglieder.php on line 14.
 1 APPPATH\Views\Mitglieder\Mitglieder.php(14): CodeIgniter\Debug\Exceptions->errorHandler(2, 'Undefined variable $item', 'APPPATH\\Views\\Mitglieder\\Mitglieder.php', 14)
 2 SYSTEMPATH\View\View.php(213): include('APPPATH\\Views\\Mitglieder\\Mitglieder.php')
 3 SYSTEMPATH\View\View.php(216): CodeIgniter\View\View->CodeIgniter\View\{closure}()
 4 SYSTEMPATH\Common.php(1135): CodeIgniter\View\View->render('Mitglieder/Mitglieder', [], true)
 5 APPPATH\Controllers\Mitglieder.php(20): view('Mitglieder/Mitglieder', [...])
 6 SYSTEMPATH\CodeIgniter.php(925): App\Controllers\Mitglieder->getindex()
 7 SYSTEMPATH\CodeIgniter.php(480): CodeIgniter\CodeIgniter->runController(Object(App\Controllers\Mitglieder))
 8 SYSTEMPATH\CodeIgniter.php(349): CodeIgniter\CodeIgniter->handleRequest(null, Object(Config\Cache), false)
 9 FCPATH\index.php(67): CodeIgniter\CodeIgniter->run()
CRITICAL - 2023-01-07 10:45:39 --> Undefined variable $item
in APPPATH\Views\Mitglieder\Mitglieder.php on line 14.
 1 APPPATH\Views\Mitglieder\Mitglieder.php(14): CodeIgniter\Debug\Exceptions->errorHandler(2, 'Undefined variable $item', 'APPPATH\\Views\\Mitglieder\\Mitglieder.php', 14)
 2 SYSTEMPATH\View\View.php(213): include('APPPATH\\Views\\Mitglieder\\Mitglieder.php')
 3 SYSTEMPATH\View\View.php(216): CodeIgniter\View\View->CodeIgniter\View\{closure}()
 4 SYSTEMPATH\Common.php(1135): CodeIgniter\View\View->render('Mitglieder/Mitglieder', [], true)
 5 APPPATH\Controllers\Mitglieder.php(20): view('Mitglieder/Mitglieder', [...])
 6 SYSTEMPATH\CodeIgniter.php(925): App\Controllers\Mitglieder->getindex()
 7 SYSTEMPATH\CodeIgniter.php(480): CodeIgniter\CodeIgniter->runController(Object(App\Controllers\Mitglieder))
 8 SYSTEMPATH\CodeIgniter.php(349): CodeIgniter\CodeIgniter->handleRequest(null, Object(Config\Cache), false)
 9 FCPATH\index.php(67): CodeIgniter\CodeIgniter->run()
CRITICAL - 2023-01-07 10:47:05 --> Undefined variable $item
in APPPATH\Views\Mitglieder\Mitglieder.php on line 14.
 1 APPPATH\Views\Mitglieder\Mitglieder.php(14): CodeIgniter\Debug\Exceptions->errorHandler(2, 'Undefined variable $item', 'APPPATH\\Views\\Mitglieder\\Mitglieder.php', 14)
 2 SYSTEMPATH\View\View.php(213): include('APPPATH\\Views\\Mitglieder\\Mitglieder.php')
 3 SYSTEMPATH\View\View.php(216): CodeIgniter\View\View->CodeIgniter\View\{closure}()
 4 SYSTEMPATH\Common.php(1135): CodeIgniter\View\View->render('Mitglieder/Mitglieder', [], true)
 5 APPPATH\Controllers\Mitglieder.php(20): view('Mitglieder/Mitglieder', [...])
 6 SYSTEMPATH\CodeIgniter.php(925): App\Controllers\Mitglieder->getindex()
 7 SYSTEMPATH\CodeIgniter.php(480): CodeIgniter\CodeIgniter->runController(Object(App\Controllers\Mitglieder))
 8 SYSTEMPATH\CodeIgniter.php(349): CodeIgniter\CodeIgniter->handleRequest(null, Object(Config\Cache), false)
 9 FCPATH\index.php(67): CodeIgniter\CodeIgniter->run()
CRITICAL - 2023-01-07 10:47:56 --> Undefined variable $item
in APPPATH\Views\Mitglieder\Mitglieder.php on line 14.
 1 APPPATH\Views\Mitglieder\Mitglieder.php(14): CodeIgniter\Debug\Exceptions->errorHandler(2, 'Undefined variable $item', 'APPPATH\\Views\\Mitglieder\\Mitglieder.php', 14)
 2 SYSTEMPATH\View\View.php(213): include('APPPATH\\Views\\Mitglieder\\Mitglieder.php')
 3 SYSTEMPATH\View\View.php(216): CodeIgniter\View\View->CodeIgniter\View\{closure}()
 4 SYSTEMPATH\Common.php(1135): CodeIgniter\View\View->render('Mitglieder/Mitglieder', [], true)
 5 APPPATH\Controllers\Mitglieder.php(20): view('Mitglieder/Mitglieder', [...])
 6 SYSTEMPATH\CodeIgniter.php(925): App\Controllers\Mitglieder->getindex()
 7 SYSTEMPATH\CodeIgniter.php(480): CodeIgniter\CodeIgniter->runController(Object(App\Controllers\Mitglieder))
 8 SYSTEMPATH\CodeIgniter.php(349): CodeIgniter\CodeIgniter->handleRequest(null, Object(Config\Cache), false)
 9 FCPATH\index.php(67): CodeIgniter\CodeIgniter->run()
CRITICAL - 2023-01-07 10:52:35 --> Undefined variable $item
in APPPATH\Views\Mitglieder\Mitglieder.php on line 14.
 1 APPPATH\Views\Mitglieder\Mitglieder.php(14): CodeIgniter\Debug\Exceptions->errorHandler(2, 'Undefined variable $item', 'APPPATH\\Views\\Mitglieder\\Mitglieder.php', 14)
 2 SYSTEMPATH\View\View.php(213): include('APPPATH\\Views\\Mitglieder\\Mitglieder.php')
 3 SYSTEMPATH\View\View.php(216): CodeIgniter\View\View->CodeIgniter\View\{closure}()
 4 SYSTEMPATH\Common.php(1135): CodeIgniter\View\View->render('Mitglieder/Mitglieder', [], true)
 5 APPPATH\Controllers\Mitglieder.php(20): view('Mitglieder/Mitglieder', [...])
 6 SYSTEMPATH\CodeIgniter.php(925): App\Controllers\Mitglieder->getindex()
 7 SYSTEMPATH\CodeIgniter.php(480): CodeIgniter\CodeIgniter->runController(Object(App\Controllers\Mitglieder))
 8 SYSTEMPATH\CodeIgniter.php(349): CodeIgniter\CodeIgniter->handleRequest(null, Object(Config\Cache), false)
 9 FCPATH\index.php(67): CodeIgniter\CodeIgniter->run()
CRITICAL - 2023-01-07 10:58:08 --> Undefined variable $item
in APPPATH\Views\Mitglieder\Mitglieder.php on line 14.
 1 APPPATH\Views\Mitglieder\Mitglieder.php(14): CodeIgniter\Debug\Exceptions->errorHandler(2, 'Undefined variable $item', 'APPPATH\\Views\\Mitglieder\\Mitglieder.php', 14)
 2 SYSTEMPATH\View\View.php(213): include('APPPATH\\Views\\Mitglieder\\Mitglieder.php')
 3 SYSTEMPATH\View\View.php(216): CodeIgniter\View\View->CodeIgniter\View\{closure}()
 4 SYSTEMPATH\Common.php(1135): CodeIgniter\View\View->render('Mitglieder/Mitglieder', [], true)
 5 APPPATH\Controllers\Mitglieder.php(20): view('Mitglieder/Mitglieder', [...])
 6 SYSTEMPATH\CodeIgniter.php(925): App\Controllers\Mitglieder->getindex()
 7 SYSTEMPATH\CodeIgniter.php(480): CodeIgniter\CodeIgniter->runController(Object(App\Controllers\Mitglieder))
 8 SYSTEMPATH\CodeIgniter.php(349): CodeIgniter\CodeIgniter->handleRequest(null, Object(Config\Cache), false)
 9 FCPATH\index.php(67): CodeIgniter\CodeIgniter->run()
CRITICAL - 2023-01-07 11:36:42 --> Undefined variable $item
in APPPATH\Views\Mitglieder\Mitglieder.php on line 14.
 1 APPPATH\Views\Mitglieder\Mitglieder.php(14): CodeIgniter\Debug\Exceptions->errorHandler(2, 'Undefined variable $item', 'APPPATH\\Views\\Mitglieder\\Mitglieder.php', 14)
 2 SYSTEMPATH\View\View.php(213): include('APPPATH\\Views\\Mitglieder\\Mitglieder.php')
 3 SYSTEMPATH\View\View.php(216): CodeIgniter\View\View->CodeIgniter\View\{closure}()
 4 SYSTEMPATH\Common.php(1135): CodeIgniter\View\View->render('Mitglieder/Mitglieder', [], true)
 5 APPPATH\Controllers\Mitglieder.php(20): view('Mitglieder/Mitglieder', [...])
 6 SYSTEMPATH\CodeIgniter.php(925): App\Controllers\Mitglieder->getindex()
 7 SYSTEMPATH\CodeIgniter.php(480): CodeIgniter\CodeIgniter->runController(Object(App\Controllers\Mitglieder))
 8 SYSTEMPATH\CodeIgniter.php(349): CodeIgniter\CodeIgniter->handleRequest(null, Object(Config\Cache), false)
 9 FCPATH\index.php(67): CodeIgniter\CodeIgniter->run()
