CRITICAL - 2023-01-18 07:27:35 --> Undefined array key "id"
in APPPATH\Controllers\Projekte.php on line 42.
 1 APPPATH\Controllers\Projekte.php(42): CodeIgniter\Debug\Exceptions->errorHandler(2, 'Undefined array key "id"', 'APPPATH\\Controllers\\Projekte.php', 42)
 2 SYSTEMPATH\CodeIgniter.php(925): App\Controllers\Projekte->submit_edit()
 3 SYSTEMPATH\CodeIgniter.php(480): CodeIgniter\CodeIgniter->runController(Object(App\Controllers\Projekte))
 4 SYSTEMPATH\CodeIgniter.php(349): CodeIgniter\CodeIgniter->handleRequest(null, Object(Config\Cache), false)
 5 FCPATH\index.php(67): CodeIgniter\CodeIgniter->run()
CRITICAL - 2023-01-18 07:28:48 --> Undefined array key "id"
in APPPATH\Controllers\Projekte.php on line 42.
 1 APPPATH\Controllers\Projekte.php(42): CodeIgniter\Debug\Exceptions->errorHandler(2, 'Undefined array key "id"', 'APPPATH\\Controllers\\Projekte.php', 42)
 2 SYSTEMPATH\CodeIgniter.php(925): App\Controllers\Projekte->submit_edit()
 3 SYSTEMPATH\CodeIgniter.php(480): CodeIgniter\CodeIgniter->runController(Object(App\Controllers\Projekte))
 4 SYSTEMPATH\CodeIgniter.php(349): CodeIgniter\CodeIgniter->handleRequest(null, Object(Config\Cache), false)
 5 FCPATH\index.php(67): CodeIgniter\CodeIgniter->run()
CRITICAL - 2023-01-18 07:29:30 --> Undefined array key "id"
in APPPATH\Controllers\Projekte.php on line 42.
 1 APPPATH\Controllers\Projekte.php(42): CodeIgniter\Debug\Exceptions->errorHandler(2, 'Undefined array key "id"', 'APPPATH\\Controllers\\Projekte.php', 42)
 2 SYSTEMPATH\CodeIgniter.php(925): App\Controllers\Projekte->submit_edit()
 3 SYSTEMPATH\CodeIgniter.php(480): CodeIgniter\CodeIgniter->runController(Object(App\Controllers\Projekte))
 4 SYSTEMPATH\CodeIgniter.php(349): CodeIgniter\CodeIgniter->handleRequest(null, Object(Config\Cache), false)
 5 FCPATH\index.php(67): CodeIgniter\CodeIgniter->run()
CRITICAL - 2023-01-18 08:00:01 --> Undefined variable $projecte
in APPPATH\Views\Projekte\Projekte.php on line 9.
 1 APPPATH\Views\Projekte\Projekte.php(9): CodeIgniter\Debug\Exceptions->errorHandler(2, 'Undefined variable $projecte', 'APPPATH\\Views\\Projekte\\Projekte.php', 9)
 2 SYSTEMPATH\View\View.php(213): include('APPPATH\\Views\\Projekte\\Projekte.php')
 3 SYSTEMPATH\View\View.php(216): CodeIgniter\View\View->CodeIgniter\View\{closure}()
 4 SYSTEMPATH\Common.php(1135): CodeIgniter\View\View->render('Projekte/Projekte', [], true)
 5 APPPATH\Controllers\Projekte.php(46): view('Projekte/Projekte', [...])
 6 SYSTEMPATH\CodeIgniter.php(925): App\Controllers\Projekte->submit_edit()
 7 SYSTEMPATH\CodeIgniter.php(480): CodeIgniter\CodeIgniter->runController(Object(App\Controllers\Projekte))
 8 SYSTEMPATH\CodeIgniter.php(349): CodeIgniter\CodeIgniter->handleRequest(null, Object(Config\Cache), false)
 9 FCPATH\index.php(67): CodeIgniter\CodeIgniter->run()
CRITICAL - 2023-01-18 08:17:40 --> Undefined variable $project
in APPPATH\Views\Projekte\Projekte.php on line 2.
 1 APPPATH\Views\Projekte\Projekte.php(2): CodeIgniter\Debug\Exceptions->errorHandler(2, 'Undefined variable $project', 'APPPATH\\Views\\Projekte\\Projekte.php', 2)
 2 SYSTEMPATH\View\View.php(213): include('APPPATH\\Views\\Projekte\\Projekte.php')
 3 SYSTEMPATH\View\View.php(216): CodeIgniter\View\View->CodeIgniter\View\{closure}()
 4 SYSTEMPATH\Common.php(1135): CodeIgniter\View\View->render('Projekte/Projekte', [], true)
 5 APPPATH\Controllers\Projekte.php(31): view('Projekte/Projekte', [...])
 6 SYSTEMPATH\CodeIgniter.php(925): App\Controllers\Projekte->index()
 7 SYSTEMPATH\CodeIgniter.php(480): CodeIgniter\CodeIgniter->runController(Object(App\Controllers\Projekte))
 8 SYSTEMPATH\CodeIgniter.php(349): CodeIgniter\CodeIgniter->handleRequest(null, Object(Config\Cache), false)
 9 FCPATH\index.php(67): CodeIgniter\CodeIgniter->run()
ERROR - 2023-01-18 08:31:02 --> mysqli_sql_exception: Cannot delete or update a parent row: a foreign key constraint fails (`webentwicklung`.`projekte_mitglieder`, CONSTRAINT `pro_to_pro_mitg` FOREIGN KEY (`projektid`) REFERENCES `projekte` (`id`)) in C:\xampp\htdocs\codeigniteru6\system\Database\MySQLi\Connection.php:292
Stack trace:
#0 C:\xampp\htdocs\codeigniteru6\system\Database\MySQLi\Connection.php(292): mysqli->query('DELETE FROM `pr...', 0)
#1 C:\xampp\htdocs\codeigniteru6\system\Database\BaseConnection.php(666): CodeIgniter\Database\MySQLi\Connection->execute('DELETE FROM `pr...')
#2 C:\xampp\htdocs\codeigniteru6\system\Database\BaseConnection.php(593): CodeIgniter\Database\BaseConnection->simpleQuery('DELETE FROM `pr...')
#3 C:\xampp\htdocs\codeigniteru6\system\Database\BaseBuilder.php(2391): CodeIgniter\Database\BaseConnection->query('DELETE FROM `pr...', Array, false)
#4 C:\xampp\htdocs\codeigniteru6\app\Models\ProjektModel.php(42): CodeIgniter\Database\BaseBuilder->delete()
#5 C:\xampp\htdocs\codeigniteru6\app\Controllers\Projekte.php(61): App\Models\ProjektModel->deleteProject()
#6 C:\xampp\htdocs\codeigniteru6\system\CodeIgniter.php(925): App\Controllers\Projekte->submit_edit()
#7 C:\xampp\htdocs\codeigniteru6\system\CodeIgniter.php(480): CodeIgniter\CodeIgniter->runController(Object(App\Controllers\Projekte))
#8 C:\xampp\htdocs\codeigniteru6\system\CodeIgniter.php(349): CodeIgniter\CodeIgniter->handleRequest(NULL, Object(Config\Cache), false)
#9 C:\xampp\htdocs\codeigniteru6\public\index.php(67): CodeIgniter\CodeIgniter->run()
#10 {main}
CRITICAL - 2023-01-18 08:31:02 --> Cannot delete or update a parent row: a foreign key constraint fails (`webentwicklung`.`projekte_mitglieder`, CONSTRAINT `pro_to_pro_mitg` FOREIGN KEY (`projektid`) REFERENCES `projekte` (`id`))
in SYSTEMPATH\Database\MySQLi\Connection.php on line 292.
 1 SYSTEMPATH\Database\MySQLi\Connection.php(292): mysqli->query('DELETE FROM `projekte`
WHERE `projekte`.`id` = \'1\'', 0)
 2 SYSTEMPATH\Database\BaseConnection.php(666): CodeIgniter\Database\MySQLi\Connection->execute('DELETE FROM `projekte`
WHERE `projekte`.`id` = \'1\'')
 3 SYSTEMPATH\Database\BaseConnection.php(593): CodeIgniter\Database\BaseConnection->simpleQuery('DELETE FROM `projekte`
WHERE `projekte`.`id` = \'1\'')
 4 SYSTEMPATH\Database\BaseBuilder.php(2391): CodeIgniter\Database\BaseConnection->query('DELETE FROM `projekte`
WHERE `projekte`.`id` = :projekte.id:', [...], false)
 5 APPPATH\Models\ProjektModel.php(42): CodeIgniter\Database\BaseBuilder->delete()
 6 APPPATH\Controllers\Projekte.php(61): App\Models\ProjektModel->deleteProject()
 7 SYSTEMPATH\CodeIgniter.php(925): App\Controllers\Projekte->submit_edit()
 8 SYSTEMPATH\CodeIgniter.php(480): CodeIgniter\CodeIgniter->runController(Object(App\Controllers\Projekte))
 9 SYSTEMPATH\CodeIgniter.php(349): CodeIgniter\CodeIgniter->handleRequest(null, Object(Config\Cache), false)
10 FCPATH\index.php(67): CodeIgniter\CodeIgniter->run()
CRITICAL - 2023-01-18 08:44:42 --> Undefined array key "Name"
in APPPATH\Models\ProjektModel.php on line 26.
 1 APPPATH\Models\ProjektModel.php(26): CodeIgniter\Debug\Exceptions->errorHandler(2, 'Undefined array key "Name"', 'APPPATH\\Models\\ProjektModel.php', 26)
 2 APPPATH\Controllers\Projekte.php(55): App\Models\ProjektModel->createProject()
 3 SYSTEMPATH\CodeIgniter.php(925): App\Controllers\Projekte->submit_edit()
 4 SYSTEMPATH\CodeIgniter.php(480): CodeIgniter\CodeIgniter->runController(Object(App\Controllers\Projekte))
 5 SYSTEMPATH\CodeIgniter.php(349): CodeIgniter\CodeIgniter->handleRequest(null, Object(Config\Cache), false)
 6 FCPATH\index.php(67): CodeIgniter\CodeIgniter->run()
CRITICAL - 2023-01-18 08:46:09 --> You must set the database table to be used with your query.
in SYSTEMPATH\Database\BaseConnection.php on line 845.
 1 SYSTEMPATH\Model.php(611): CodeIgniter\Database\BaseConnection->table(null)
 2 SYSTEMPATH\Model.php(768): CodeIgniter\Model->builder()
 3 APPPATH\Models\ProjektModel.php(34): CodeIgniter\Model->__get('personen')
 4 APPPATH\Controllers\Projekte.php(52): App\Models\ProjektModel->updateProject()
 5 SYSTEMPATH\CodeIgniter.php(925): App\Controllers\Projekte->submit_edit()
 6 SYSTEMPATH\CodeIgniter.php(480): CodeIgniter\CodeIgniter->runController(Object(App\Controllers\Projekte))
 7 SYSTEMPATH\CodeIgniter.php(349): CodeIgniter\CodeIgniter->handleRequest(null, Object(Config\Cache), false)
 8 FCPATH\index.php(67): CodeIgniter\CodeIgniter->run()
CRITICAL - 2023-01-18 08:47:32 --> You must set the database table to be used with your query.
in SYSTEMPATH\Database\BaseConnection.php on line 845.
 1 SYSTEMPATH\Model.php(611): CodeIgniter\Database\BaseConnection->table(null)
 2 SYSTEMPATH\Model.php(768): CodeIgniter\Model->builder()
 3 APPPATH\Models\ProjektModel.php(34): CodeIgniter\Model->__get('personen')
 4 APPPATH\Controllers\Projekte.php(52): App\Models\ProjektModel->updateProject()
 5 SYSTEMPATH\CodeIgniter.php(925): App\Controllers\Projekte->submit_edit()
 6 SYSTEMPATH\CodeIgniter.php(480): CodeIgniter\CodeIgniter->runController(Object(App\Controllers\Projekte))
 7 SYSTEMPATH\CodeIgniter.php(349): CodeIgniter\CodeIgniter->handleRequest(null, Object(Config\Cache), false)
 8 FCPATH\index.php(67): CodeIgniter\CodeIgniter->run()
ERROR - 2023-01-18 08:48:21 --> mysqli_sql_exception: Unknown column 'projekt.id' in 'where clause' in C:\xampp\htdocs\codeigniteru6\system\Database\MySQLi\Connection.php:292
Stack trace:
#0 C:\xampp\htdocs\codeigniteru6\system\Database\MySQLi\Connection.php(292): mysqli->query('UPDATE `projekt...', 0)
#1 C:\xampp\htdocs\codeigniteru6\system\Database\BaseConnection.php(666): CodeIgniter\Database\MySQLi\Connection->execute('UPDATE `projekt...')
#2 C:\xampp\htdocs\codeigniteru6\system\Database\BaseConnection.php(593): CodeIgniter\Database\BaseConnection->simpleQuery('UPDATE `projekt...')
#3 C:\xampp\htdocs\codeigniteru6\system\Database\BaseBuilder.php(2079): CodeIgniter\Database\BaseConnection->query('UPDATE `projekt...', Array, false)
#4 C:\xampp\htdocs\codeigniteru6\app\Models\ProjektModel.php(36): CodeIgniter\Database\BaseBuilder->update(Array)
#5 C:\xampp\htdocs\codeigniteru6\app\Controllers\Projekte.php(52): App\Models\ProjektModel->updateProject()
#6 C:\xampp\htdocs\codeigniteru6\system\CodeIgniter.php(925): App\Controllers\Projekte->submit_edit()
#7 C:\xampp\htdocs\codeigniteru6\system\CodeIgniter.php(480): CodeIgniter\CodeIgniter->runController(Object(App\Controllers\Projekte))
#8 C:\xampp\htdocs\codeigniteru6\system\CodeIgniter.php(349): CodeIgniter\CodeIgniter->handleRequest(NULL, Object(Config\Cache), false)
#9 C:\xampp\htdocs\codeigniteru6\public\index.php(67): CodeIgniter\CodeIgniter->run()
#10 {main}
CRITICAL - 2023-01-18 08:48:21 --> Unknown column 'projekt.id' in 'where clause'
in SYSTEMPATH\Database\MySQLi\Connection.php on line 292.
 1 SYSTEMPATH\Database\MySQLi\Connection.php(292): mysqli->query('UPDATE `projekte` SET `Name` = \'ABCDEFG\', `Beschreibung` = \'ökdnfködsnfbdfsv\'
WHERE `projekt`.`id` = \'3\'', 0)
 2 SYSTEMPATH\Database\BaseConnection.php(666): CodeIgniter\Database\MySQLi\Connection->execute('UPDATE `projekte` SET `Name` = \'ABCDEFG\', `Beschreibung` = \'ökdnfködsnfbdfsv\'
WHERE `projekt`.`id` = \'3\'')
 3 SYSTEMPATH\Database\BaseConnection.php(593): CodeIgniter\Database\BaseConnection->simpleQuery('UPDATE `projekte` SET `Name` = \'ABCDEFG\', `Beschreibung` = \'ökdnfködsnfbdfsv\'
WHERE `projekt`.`id` = \'3\'')
 4 SYSTEMPATH\Database\BaseBuilder.php(2079): CodeIgniter\Database\BaseConnection->query('UPDATE `projekte` SET `Name` = :Name:, `Beschreibung` = :Beschreibung:
WHERE `projekt`.`id` = :projekt.id:', [...], false)
 5 APPPATH\Models\ProjektModel.php(36): CodeIgniter\Database\BaseBuilder->update([...])
 6 APPPATH\Controllers\Projekte.php(52): App\Models\ProjektModel->updateProject()
 7 SYSTEMPATH\CodeIgniter.php(925): App\Controllers\Projekte->submit_edit()
 8 SYSTEMPATH\CodeIgniter.php(480): CodeIgniter\CodeIgniter->runController(Object(App\Controllers\Projekte))
 9 SYSTEMPATH\CodeIgniter.php(349): CodeIgniter\CodeIgniter->handleRequest(null, Object(Config\Cache), false)
10 FCPATH\index.php(67): CodeIgniter\CodeIgniter->run()
