CRITICAL - 2023-01-04 12:00:45 --> Undefined variable $item
in APPPATH\Views\Mitglieder\Mitglieder.php on line 14.
 1 APPPATH\Views\Mitglieder\Mitglieder.php(14): CodeIgniter\Debug\Exceptions->errorHandler(2, 'Undefined variable $item', 'APPPATH\\Views\\Mitglieder\\Mitglieder.php', 14)
 2 SYSTEMPATH\View\View.php(213): include('APPPATH\\Views\\Mitglieder\\Mitglieder.php')
 3 SYSTEMPATH\View\View.php(216): CodeIgniter\View\View->CodeIgniter\View\{closure}()
 4 SYSTEMPATH\Common.php(1135): CodeIgniter\View\View->render('Mitglieder/Mitglieder', [], true)
 5 APPPATH\Controllers\Mitglieder.php(20): view('Mitglieder/Mitglieder', [...])
 6 SYSTEMPATH\CodeIgniter.php(925): App\Controllers\Mitglieder->getindex()
 7 SYSTEMPATH\CodeIgniter.php(480): CodeIgniter\CodeIgniter->runController(Object(App\Controllers\Mitglieder))
 8 SYSTEMPATH\CodeIgniter.php(349): CodeIgniter\CodeIgniter->handleRequest(null, Object(Config\Cache), false)
 9 FCPATH\index.php(67): CodeIgniter\CodeIgniter->run()
CRITICAL - 2023-01-04 12:01:59 --> Undefined variable $item
in APPPATH\Views\Mitglieder\Mitglieder.php on line 14.
 1 APPPATH\Views\Mitglieder\Mitglieder.php(14): CodeIgniter\Debug\Exceptions->errorHandler(2, 'Undefined variable $item', 'APPPATH\\Views\\Mitglieder\\Mitglieder.php', 14)
 2 SYSTEMPATH\View\View.php(213): include('APPPATH\\Views\\Mitglieder\\Mitglieder.php')
 3 SYSTEMPATH\View\View.php(216): CodeIgniter\View\View->CodeIgniter\View\{closure}()
 4 SYSTEMPATH\Common.php(1135): CodeIgniter\View\View->render('Mitglieder/Mitglieder', [], true)
 5 APPPATH\Controllers\Mitglieder.php(20): view('Mitglieder/Mitglieder', [...])
 6 SYSTEMPATH\CodeIgniter.php(925): App\Controllers\Mitglieder->getindex()
 7 SYSTEMPATH\CodeIgniter.php(480): CodeIgniter\CodeIgniter->runController(Object(App\Controllers\Mitglieder))
 8 SYSTEMPATH\CodeIgniter.php(349): CodeIgniter\CodeIgniter->handleRequest(null, Object(Config\Cache), false)
 9 FCPATH\index.php(67): CodeIgniter\CodeIgniter->run()
CRITICAL - 2023-01-04 12:04:03 --> Undefined variable $item
in APPPATH\Views\Mitglieder\Mitglieder.php on line 14.
 1 APPPATH\Views\Mitglieder\Mitglieder.php(14): CodeIgniter\Debug\Exceptions->errorHandler(2, 'Undefined variable $item', 'APPPATH\\Views\\Mitglieder\\Mitglieder.php', 14)
 2 SYSTEMPATH\View\View.php(213): include('APPPATH\\Views\\Mitglieder\\Mitglieder.php')
 3 SYSTEMPATH\View\View.php(216): CodeIgniter\View\View->CodeIgniter\View\{closure}()
 4 SYSTEMPATH\Common.php(1135): CodeIgniter\View\View->render('Mitglieder/Mitglieder', [], true)
 5 APPPATH\Controllers\Mitglieder.php(20): view('Mitglieder/Mitglieder', [...])
 6 SYSTEMPATH\CodeIgniter.php(925): App\Controllers\Mitglieder->getindex()
 7 SYSTEMPATH\CodeIgniter.php(480): CodeIgniter\CodeIgniter->runController(Object(App\Controllers\Mitglieder))
 8 SYSTEMPATH\CodeIgniter.php(349): CodeIgniter\CodeIgniter->handleRequest(null, Object(Config\Cache), false)
 9 FCPATH\index.php(67): CodeIgniter\CodeIgniter->run()
CRITICAL - 2023-01-04 12:04:05 --> Undefined variable $item
in APPPATH\Views\Mitglieder\Mitglieder.php on line 14.
 1 APPPATH\Views\Mitglieder\Mitglieder.php(14): CodeIgniter\Debug\Exceptions->errorHandler(2, 'Undefined variable $item', 'APPPATH\\Views\\Mitglieder\\Mitglieder.php', 14)
 2 SYSTEMPATH\View\View.php(213): include('APPPATH\\Views\\Mitglieder\\Mitglieder.php')
 3 SYSTEMPATH\View\View.php(216): CodeIgniter\View\View->CodeIgniter\View\{closure}()
 4 SYSTEMPATH\Common.php(1135): CodeIgniter\View\View->render('Mitglieder/Mitglieder', [], true)
 5 APPPATH\Controllers\Mitglieder.php(20): view('Mitglieder/Mitglieder', [...])
 6 SYSTEMPATH\CodeIgniter.php(925): App\Controllers\Mitglieder->getindex()
 7 SYSTEMPATH\CodeIgniter.php(480): CodeIgniter\CodeIgniter->runController(Object(App\Controllers\Mitglieder))
 8 SYSTEMPATH\CodeIgniter.php(349): CodeIgniter\CodeIgniter->handleRequest(null, Object(Config\Cache), false)
 9 FCPATH\index.php(67): CodeIgniter\CodeIgniter->run()
CRITICAL - 2023-01-04 12:04:08 --> Undefined variable $item
in APPPATH\Views\Mitglieder\Mitglieder.php on line 14.
 1 APPPATH\Views\Mitglieder\Mitglieder.php(14): CodeIgniter\Debug\Exceptions->errorHandler(2, 'Undefined variable $item', 'APPPATH\\Views\\Mitglieder\\Mitglieder.php', 14)
 2 SYSTEMPATH\View\View.php(213): include('APPPATH\\Views\\Mitglieder\\Mitglieder.php')
 3 SYSTEMPATH\View\View.php(216): CodeIgniter\View\View->CodeIgniter\View\{closure}()
 4 SYSTEMPATH\Common.php(1135): CodeIgniter\View\View->render('Mitglieder/Mitglieder', [], true)
 5 APPPATH\Controllers\Mitglieder.php(20): view('Mitglieder/Mitglieder', [...])
 6 SYSTEMPATH\CodeIgniter.php(925): App\Controllers\Mitglieder->getindex()
 7 SYSTEMPATH\CodeIgniter.php(480): CodeIgniter\CodeIgniter->runController(Object(App\Controllers\Mitglieder))
 8 SYSTEMPATH\CodeIgniter.php(349): CodeIgniter\CodeIgniter->handleRequest(null, Object(Config\Cache), false)
 9 FCPATH\index.php(67): CodeIgniter\CodeIgniter->run()
CRITICAL - 2023-01-04 12:04:15 --> Undefined variable $item
in APPPATH\Views\Mitglieder\Mitglieder.php on line 14.
 1 APPPATH\Views\Mitglieder\Mitglieder.php(14): CodeIgniter\Debug\Exceptions->errorHandler(2, 'Undefined variable $item', 'APPPATH\\Views\\Mitglieder\\Mitglieder.php', 14)
 2 SYSTEMPATH\View\View.php(213): include('APPPATH\\Views\\Mitglieder\\Mitglieder.php')
 3 SYSTEMPATH\View\View.php(216): CodeIgniter\View\View->CodeIgniter\View\{closure}()
 4 SYSTEMPATH\Common.php(1135): CodeIgniter\View\View->render('Mitglieder/Mitglieder', [], true)
 5 APPPATH\Controllers\Mitglieder.php(20): view('Mitglieder/Mitglieder', [...])
 6 SYSTEMPATH\CodeIgniter.php(925): App\Controllers\Mitglieder->getindex()
 7 SYSTEMPATH\CodeIgniter.php(480): CodeIgniter\CodeIgniter->runController(Object(App\Controllers\Mitglieder))
 8 SYSTEMPATH\CodeIgniter.php(349): CodeIgniter\CodeIgniter->handleRequest(null, Object(Config\Cache), false)
 9 FCPATH\index.php(67): CodeIgniter\CodeIgniter->run()
CRITICAL - 2023-01-04 12:05:47 --> Undefined variable $item
in APPPATH\Views\Mitglieder\Mitglieder.php on line 15.
 1 APPPATH\Views\Mitglieder\Mitglieder.php(15): CodeIgniter\Debug\Exceptions->errorHandler(2, 'Undefined variable $item', 'APPPATH\\Views\\Mitglieder\\Mitglieder.php', 15)
 2 SYSTEMPATH\View\View.php(213): include('APPPATH\\Views\\Mitglieder\\Mitglieder.php')
 3 SYSTEMPATH\View\View.php(216): CodeIgniter\View\View->CodeIgniter\View\{closure}()
 4 SYSTEMPATH\Common.php(1135): CodeIgniter\View\View->render('Mitglieder/Mitglieder', [], true)
 5 APPPATH\Controllers\Mitglieder.php(20): view('Mitglieder/Mitglieder', [...])
 6 SYSTEMPATH\CodeIgniter.php(925): App\Controllers\Mitglieder->getindex()
 7 SYSTEMPATH\CodeIgniter.php(480): CodeIgniter\CodeIgniter->runController(Object(App\Controllers\Mitglieder))
 8 SYSTEMPATH\CodeIgniter.php(349): CodeIgniter\CodeIgniter->handleRequest(null, Object(Config\Cache), false)
 9 FCPATH\index.php(67): CodeIgniter\CodeIgniter->run()
CRITICAL - 2023-01-04 12:06:32 --> Undefined variable $item
in APPPATH\Views\Mitglieder\Mitglieder.php on line 15.
 1 APPPATH\Views\Mitglieder\Mitglieder.php(15): CodeIgniter\Debug\Exceptions->errorHandler(2, 'Undefined variable $item', 'APPPATH\\Views\\Mitglieder\\Mitglieder.php', 15)
 2 SYSTEMPATH\View\View.php(213): include('APPPATH\\Views\\Mitglieder\\Mitglieder.php')
 3 SYSTEMPATH\View\View.php(216): CodeIgniter\View\View->CodeIgniter\View\{closure}()
 4 SYSTEMPATH\Common.php(1135): CodeIgniter\View\View->render('Mitglieder/Mitglieder', [], true)
 5 APPPATH\Controllers\Mitglieder.php(20): view('Mitglieder/Mitglieder', [...])
 6 SYSTEMPATH\CodeIgniter.php(925): App\Controllers\Mitglieder->getindex()
 7 SYSTEMPATH\CodeIgniter.php(480): CodeIgniter\CodeIgniter->runController(Object(App\Controllers\Mitglieder))
 8 SYSTEMPATH\CodeIgniter.php(349): CodeIgniter\CodeIgniter->handleRequest(null, Object(Config\Cache), false)
 9 FCPATH\index.php(67): CodeIgniter\CodeIgniter->run()
CRITICAL - 2023-01-04 12:06:37 --> Undefined variable $item
in APPPATH\Views\Mitglieder\Mitglieder.php on line 15.
 1 APPPATH\Views\Mitglieder\Mitglieder.php(15): CodeIgniter\Debug\Exceptions->errorHandler(2, 'Undefined variable $item', 'APPPATH\\Views\\Mitglieder\\Mitglieder.php', 15)
 2 SYSTEMPATH\View\View.php(213): include('APPPATH\\Views\\Mitglieder\\Mitglieder.php')
 3 SYSTEMPATH\View\View.php(216): CodeIgniter\View\View->CodeIgniter\View\{closure}()
 4 SYSTEMPATH\Common.php(1135): CodeIgniter\View\View->render('Mitglieder/Mitglieder', [], true)
 5 APPPATH\Controllers\Mitglieder.php(20): view('Mitglieder/Mitglieder', [...])
 6 SYSTEMPATH\CodeIgniter.php(925): App\Controllers\Mitglieder->getindex()
 7 SYSTEMPATH\CodeIgniter.php(480): CodeIgniter\CodeIgniter->runController(Object(App\Controllers\Mitglieder))
 8 SYSTEMPATH\CodeIgniter.php(349): CodeIgniter\CodeIgniter->handleRequest(null, Object(Config\Cache), false)
 9 FCPATH\index.php(67): CodeIgniter\CodeIgniter->run()
CRITICAL - 2023-01-04 12:06:40 --> Undefined variable $item
in APPPATH\Views\Mitglieder\Mitglieder.php on line 15.
 1 APPPATH\Views\Mitglieder\Mitglieder.php(15): CodeIgniter\Debug\Exceptions->errorHandler(2, 'Undefined variable $item', 'APPPATH\\Views\\Mitglieder\\Mitglieder.php', 15)
 2 SYSTEMPATH\View\View.php(213): include('APPPATH\\Views\\Mitglieder\\Mitglieder.php')
 3 SYSTEMPATH\View\View.php(216): CodeIgniter\View\View->CodeIgniter\View\{closure}()
 4 SYSTEMPATH\Common.php(1135): CodeIgniter\View\View->render('Mitglieder/Mitglieder', [], true)
 5 APPPATH\Controllers\Mitglieder.php(20): view('Mitglieder/Mitglieder', [...])
 6 SYSTEMPATH\CodeIgniter.php(925): App\Controllers\Mitglieder->getindex()
 7 SYSTEMPATH\CodeIgniter.php(480): CodeIgniter\CodeIgniter->runController(Object(App\Controllers\Mitglieder))
 8 SYSTEMPATH\CodeIgniter.php(349): CodeIgniter\CodeIgniter->handleRequest(null, Object(Config\Cache), false)
 9 FCPATH\index.php(67): CodeIgniter\CodeIgniter->run()
CRITICAL - 2023-01-04 12:08:57 --> Undefined variable $item
in APPPATH\Views\Mitglieder\Mitglieder.php on line 14.
 1 APPPATH\Views\Mitglieder\Mitglieder.php(14): CodeIgniter\Debug\Exceptions->errorHandler(2, 'Undefined variable $item', 'APPPATH\\Views\\Mitglieder\\Mitglieder.php', 14)
 2 SYSTEMPATH\View\View.php(213): include('APPPATH\\Views\\Mitglieder\\Mitglieder.php')
 3 SYSTEMPATH\View\View.php(216): CodeIgniter\View\View->CodeIgniter\View\{closure}()
 4 SYSTEMPATH\Common.php(1135): CodeIgniter\View\View->render('Mitglieder/Mitglieder', [], true)
 5 APPPATH\Controllers\Mitglieder.php(20): view('Mitglieder/Mitglieder', [...])
 6 SYSTEMPATH\CodeIgniter.php(925): App\Controllers\Mitglieder->getindex()
 7 SYSTEMPATH\CodeIgniter.php(480): CodeIgniter\CodeIgniter->runController(Object(App\Controllers\Mitglieder))
 8 SYSTEMPATH\CodeIgniter.php(349): CodeIgniter\CodeIgniter->handleRequest(null, Object(Config\Cache), false)
 9 FCPATH\index.php(67): CodeIgniter\CodeIgniter->run()
