CRITICAL - 2023-01-08 07:15:30 --> syntax error, unexpected token "endforeach", expecting end of file
in APPPATH\Views\Mitglieder\Mitglieder.php on line 28.
 1 SYSTEMPATH\View\View.php(216): CodeIgniter\View\View->CodeIgniter\View\{closure}()
 2 SYSTEMPATH\Common.php(1135): CodeIgniter\View\View->render('Mitglieder/Mitglieder', [], true)
 3 APPPATH\Controllers\Mitglieder.php(20): view('Mitglieder/Mitglieder', [...])
 4 SYSTEMPATH\CodeIgniter.php(925): App\Controllers\Mitglieder->getindex()
 5 SYSTEMPATH\CodeIgniter.php(480): CodeIgniter\CodeIgniter->runController(Object(App\Controllers\Mitglieder))
 6 SYSTEMPATH\CodeIgniter.php(349): CodeIgniter\CodeIgniter->handleRequest(null, Object(Config\Cache), false)
 7 FCPATH\index.php(67): CodeIgniter\CodeIgniter->run()
CRITICAL - 2023-01-08 07:19:14 --> Undefined variable $item
in APPPATH\Views\Mitglieder\Mitglieder.php on line 15.
 1 APPPATH\Views\Mitglieder\Mitglieder.php(15): CodeIgniter\Debug\Exceptions->errorHandler(2, 'Undefined variable $item', 'APPPATH\\Views\\Mitglieder\\Mitglieder.php', 15)
 2 SYSTEMPATH\View\View.php(213): include('APPPATH\\Views\\Mitglieder\\Mitglieder.php')
 3 SYSTEMPATH\View\View.php(216): CodeIgniter\View\View->CodeIgniter\View\{closure}()
 4 SYSTEMPATH\Common.php(1135): CodeIgniter\View\View->render('Mitglieder/Mitglieder', [], true)
 5 APPPATH\Controllers\Mitglieder.php(20): view('Mitglieder/Mitglieder', [...])
 6 SYSTEMPATH\CodeIgniter.php(925): App\Controllers\Mitglieder->getindex()
 7 SYSTEMPATH\CodeIgniter.php(480): CodeIgniter\CodeIgniter->runController(Object(App\Controllers\Mitglieder))
 8 SYSTEMPATH\CodeIgniter.php(349): CodeIgniter\CodeIgniter->handleRequest(null, Object(Config\Cache), false)
 9 FCPATH\index.php(67): CodeIgniter\CodeIgniter->run()
CRITICAL - 2023-01-08 07:19:48 --> Undefined variable $item
in APPPATH\Views\Mitglieder\Mitglieder.php on line 15.
 1 APPPATH\Views\Mitglieder\Mitglieder.php(15): CodeIgniter\Debug\Exceptions->errorHandler(2, 'Undefined variable $item', 'APPPATH\\Views\\Mitglieder\\Mitglieder.php', 15)
 2 SYSTEMPATH\View\View.php(213): include('APPPATH\\Views\\Mitglieder\\Mitglieder.php')
 3 SYSTEMPATH\View\View.php(216): CodeIgniter\View\View->CodeIgniter\View\{closure}()
 4 SYSTEMPATH\Common.php(1135): CodeIgniter\View\View->render('Mitglieder/Mitglieder', [], true)
 5 APPPATH\Controllers\Mitglieder.php(20): view('Mitglieder/Mitglieder', [...])
 6 SYSTEMPATH\CodeIgniter.php(925): App\Controllers\Mitglieder->getindex()
 7 SYSTEMPATH\CodeIgniter.php(480): CodeIgniter\CodeIgniter->runController(Object(App\Controllers\Mitglieder))
 8 SYSTEMPATH\CodeIgniter.php(349): CodeIgniter\CodeIgniter->handleRequest(null, Object(Config\Cache), false)
 9 FCPATH\index.php(67): CodeIgniter\CodeIgniter->run()
CRITICAL - 2023-01-08 12:45:54 --> Call to undefined function form_open()
in APPPATH\Views\Mitglieder\Mitglieder.php on line 36.
 1 SYSTEMPATH\View\View.php(213): include()
 2 SYSTEMPATH\View\View.php(216): CodeIgniter\View\View->CodeIgniter\View\{closure}()
 3 SYSTEMPATH\Common.php(1135): CodeIgniter\View\View->render('Mitglieder/Mitglieder', [], true)
 4 APPPATH\Controllers\Mitglieder.php(20): view('Mitglieder/Mitglieder', [...])
 5 SYSTEMPATH\CodeIgniter.php(925): App\Controllers\Mitglieder->getindex()
 6 SYSTEMPATH\CodeIgniter.php(480): CodeIgniter\CodeIgniter->runController(Object(App\Controllers\Mitglieder))
 7 SYSTEMPATH\CodeIgniter.php(349): CodeIgniter\CodeIgniter->handleRequest(null, Object(Config\Cache), false)
 8 FCPATH\index.php(67): CodeIgniter\CodeIgniter->run()
CRITICAL - 2023-01-08 12:51:26 --> Undefined property: App\Controllers\Mitglieder::$load
in APPPATH\Controllers\Mitglieder.php on line 10.
 1 APPPATH\Controllers\Mitglieder.php(10): CodeIgniter\Debug\Exceptions->errorHandler(2, 'Undefined property: App\\Controllers\\Mitglieder::$load', 'APPPATH\\Controllers\\Mitglieder.php', 10)
 2 SYSTEMPATH\CodeIgniter.php(887): App\Controllers\Mitglieder->__construct()
 3 SYSTEMPATH\CodeIgniter.php(471): CodeIgniter\CodeIgniter->createController()
 4 SYSTEMPATH\CodeIgniter.php(349): CodeIgniter\CodeIgniter->handleRequest(null, Object(Config\Cache), false)
 5 FCPATH\index.php(67): CodeIgniter\CodeIgniter->run()
CRITICAL - 2023-01-08 12:52:31 --> Undefined property: App\Controllers\Mitglieder::$load
in APPPATH\Controllers\Mitglieder.php on line 10.
 1 APPPATH\Controllers\Mitglieder.php(10): CodeIgniter\Debug\Exceptions->errorHandler(2, 'Undefined property: App\\Controllers\\Mitglieder::$load', 'APPPATH\\Controllers\\Mitglieder.php', 10)
 2 SYSTEMPATH\CodeIgniter.php(887): App\Controllers\Mitglieder->__construct()
 3 SYSTEMPATH\CodeIgniter.php(471): CodeIgniter\CodeIgniter->createController()
 4 SYSTEMPATH\CodeIgniter.php(349): CodeIgniter\CodeIgniter->handleRequest(null, Object(Config\Cache), false)
 5 FCPATH\index.php(67): CodeIgniter\CodeIgniter->run()
CRITICAL - 2023-01-08 12:54:12 --> Undefined property: App\Controllers\Mitglieder::$PersonenModel
in APPPATH\Controllers\Mitglieder.php on line 43.
 1 APPPATH\Controllers\Mitglieder.php(43): CodeIgniter\Debug\Exceptions->errorHandler(2, 'Undefined property: App\\Controllers\\Mitglieder::$PersonenModel', 'APPPATH\\Controllers\\Mitglieder.php', 43)
 2 SYSTEMPATH\CodeIgniter.php(925): App\Controllers\Mitglieder->postsubmit_edit()
 3 SYSTEMPATH\CodeIgniter.php(480): CodeIgniter\CodeIgniter->runController(Object(App\Controllers\Mitglieder))
 4 SYSTEMPATH\CodeIgniter.php(349): CodeIgniter\CodeIgniter->handleRequest(null, Object(Config\Cache), false)
 5 FCPATH\index.php(67): CodeIgniter\CodeIgniter->run()
CRITICAL - 2023-01-08 12:55:01 --> Undefined array key "e-mail"
in APPPATH\Models\MitgliederModel.php on line 37.
 1 APPPATH\Models\MitgliederModel.php(37): CodeIgniter\Debug\Exceptions->errorHandler(2, 'Undefined array key "e-mail"', 'APPPATH\\Models\\MitgliederModel.php', 37)
 2 APPPATH\Controllers\Mitglieder.php(43): App\Models\MitgliederModel->createMitglied()
 3 SYSTEMPATH\CodeIgniter.php(925): App\Controllers\Mitglieder->postsubmit_edit()
 4 SYSTEMPATH\CodeIgniter.php(480): CodeIgniter\CodeIgniter->runController(Object(App\Controllers\Mitglieder))
 5 SYSTEMPATH\CodeIgniter.php(349): CodeIgniter\CodeIgniter->handleRequest(null, Object(Config\Cache), false)
 6 FCPATH\index.php(67): CodeIgniter\CodeIgniter->run()
ERROR - 2023-01-08 13:24:20 --> mysqli_sql_exception: Unknown column 'mitglieder.email' in 'where clause' in C:\xampp\htdocs\codeigniteru6\system\Database\MySQLi\Connection.php:292
Stack trace:
#0 C:\xampp\htdocs\codeigniteru6\system\Database\MySQLi\Connection.php(292): mysqli->query('SELECT `passwor...', 0)
#1 C:\xampp\htdocs\codeigniteru6\system\Database\BaseConnection.php(666): CodeIgniter\Database\MySQLi\Connection->execute('SELECT `passwor...')
#2 C:\xampp\htdocs\codeigniteru6\system\Database\BaseConnection.php(593): CodeIgniter\Database\BaseConnection->simpleQuery('SELECT `passwor...')
#3 C:\xampp\htdocs\codeigniteru6\system\Database\BaseBuilder.php(1585): CodeIgniter\Database\BaseConnection->query('SELECT `passwor...', Array, false)
#4 C:\xampp\htdocs\codeigniteru6\app\Models\MitgliederModel.php(11): CodeIgniter\Database\BaseBuilder->get()
#5 C:\xampp\htdocs\codeigniteru6\app\Controllers\Login.php(17): App\Models\MitgliederModel->login()
#6 C:\xampp\htdocs\codeigniteru6\system\CodeIgniter.php(925): App\Controllers\Login->index()
#7 C:\xampp\htdocs\codeigniteru6\system\CodeIgniter.php(480): CodeIgniter\CodeIgniter->runController(Object(App\Controllers\Login))
#8 C:\xampp\htdocs\codeigniteru6\system\CodeIgniter.php(349): CodeIgniter\CodeIgniter->handleRequest(NULL, Object(Config\Cache), false)
#9 C:\xampp\htdocs\codeigniteru6\public\index.php(67): CodeIgniter\CodeIgniter->run()
#10 {main}
CRITICAL - 2023-01-08 13:24:20 --> Unknown column 'mitglieder.email' in 'where clause'
in SYSTEMPATH\Database\MySQLi\Connection.php on line 292.
 1 SYSTEMPATH\Database\MySQLi\Connection.php(292): mysqli->query('SELECT `passwort`
FROM `mitglieder`
WHERE `mitglieder`.`email` = \'max@mustermann.de\'', 0)
 2 SYSTEMPATH\Database\BaseConnection.php(666): CodeIgniter\Database\MySQLi\Connection->execute('SELECT `passwort`
FROM `mitglieder`
WHERE `mitglieder`.`email` = \'max@mustermann.de\'')
 3 SYSTEMPATH\Database\BaseConnection.php(593): CodeIgniter\Database\BaseConnection->simpleQuery('SELECT `passwort`
FROM `mitglieder`
WHERE `mitglieder`.`email` = \'max@mustermann.de\'')
 4 SYSTEMPATH\Database\BaseBuilder.php(1585): CodeIgniter\Database\BaseConnection->query('SELECT `passwort`
FROM `mitglieder`
WHERE `mitglieder`.`email` = :mitglieder.email:', [...], false)
 5 APPPATH\Models\MitgliederModel.php(11): CodeIgniter\Database\BaseBuilder->get()
 6 APPPATH\Controllers\Login.php(17): App\Models\MitgliederModel->login()
 7 SYSTEMPATH\CodeIgniter.php(925): App\Controllers\Login->index()
 8 SYSTEMPATH\CodeIgniter.php(480): CodeIgniter\CodeIgniter->runController(Object(App\Controllers\Login))
 9 SYSTEMPATH\CodeIgniter.php(349): CodeIgniter\CodeIgniter->handleRequest(null, Object(Config\Cache), false)
10 FCPATH\index.php(67): CodeIgniter\CodeIgniter->run()
ERROR - 2023-01-08 13:24:37 --> mysqli_sql_exception: Unknown column 'mitglieder.email' in 'where clause' in C:\xampp\htdocs\codeigniteru6\system\Database\MySQLi\Connection.php:292
Stack trace:
#0 C:\xampp\htdocs\codeigniteru6\system\Database\MySQLi\Connection.php(292): mysqli->query('SELECT `passwor...', 0)
#1 C:\xampp\htdocs\codeigniteru6\system\Database\BaseConnection.php(666): CodeIgniter\Database\MySQLi\Connection->execute('SELECT `passwor...')
#2 C:\xampp\htdocs\codeigniteru6\system\Database\BaseConnection.php(593): CodeIgniter\Database\BaseConnection->simpleQuery('SELECT `passwor...')
#3 C:\xampp\htdocs\codeigniteru6\system\Database\BaseBuilder.php(1585): CodeIgniter\Database\BaseConnection->query('SELECT `passwor...', Array, false)
#4 C:\xampp\htdocs\codeigniteru6\app\Models\MitgliederModel.php(11): CodeIgniter\Database\BaseBuilder->get()
#5 C:\xampp\htdocs\codeigniteru6\app\Controllers\Login.php(17): App\Models\MitgliederModel->login()
#6 C:\xampp\htdocs\codeigniteru6\system\CodeIgniter.php(925): App\Controllers\Login->index()
#7 C:\xampp\htdocs\codeigniteru6\system\CodeIgniter.php(480): CodeIgniter\CodeIgniter->runController(Object(App\Controllers\Login))
#8 C:\xampp\htdocs\codeigniteru6\system\CodeIgniter.php(349): CodeIgniter\CodeIgniter->handleRequest(NULL, Object(Config\Cache), false)
#9 C:\xampp\htdocs\codeigniteru6\public\index.php(67): CodeIgniter\CodeIgniter->run()
#10 {main}
CRITICAL - 2023-01-08 13:24:37 --> Unknown column 'mitglieder.email' in 'where clause'
in SYSTEMPATH\Database\MySQLi\Connection.php on line 292.
 1 SYSTEMPATH\Database\MySQLi\Connection.php(292): mysqli->query('SELECT `passwort`
FROM `mitglieder`
WHERE `mitglieder`.`email` = \'max@mustermann.de\'', 0)
 2 SYSTEMPATH\Database\BaseConnection.php(666): CodeIgniter\Database\MySQLi\Connection->execute('SELECT `passwort`
FROM `mitglieder`
WHERE `mitglieder`.`email` = \'max@mustermann.de\'')
 3 SYSTEMPATH\Database\BaseConnection.php(593): CodeIgniter\Database\BaseConnection->simpleQuery('SELECT `passwort`
FROM `mitglieder`
WHERE `mitglieder`.`email` = \'max@mustermann.de\'')
 4 SYSTEMPATH\Database\BaseBuilder.php(1585): CodeIgniter\Database\BaseConnection->query('SELECT `passwort`
FROM `mitglieder`
WHERE `mitglieder`.`email` = :mitglieder.email:', [...], false)
 5 APPPATH\Models\MitgliederModel.php(11): CodeIgniter\Database\BaseBuilder->get()
 6 APPPATH\Controllers\Login.php(17): App\Models\MitgliederModel->login()
 7 SYSTEMPATH\CodeIgniter.php(925): App\Controllers\Login->index()
 8 SYSTEMPATH\CodeIgniter.php(480): CodeIgniter\CodeIgniter->runController(Object(App\Controllers\Login))
 9 SYSTEMPATH\CodeIgniter.php(349): CodeIgniter\CodeIgniter->handleRequest(null, Object(Config\Cache), false)
10 FCPATH\index.php(67): CodeIgniter\CodeIgniter->run()
CRITICAL - 2023-01-08 13:25:09 --> Undefined array key "pw"
in APPPATH\Controllers\Login.php on line 20.
 1 APPPATH\Controllers\Login.php(20): CodeIgniter\Debug\Exceptions->errorHandler(2, 'Undefined array key "pw"', 'APPPATH\\Controllers\\Login.php', 20)
 2 SYSTEMPATH\CodeIgniter.php(925): App\Controllers\Login->index()
 3 SYSTEMPATH\CodeIgniter.php(480): CodeIgniter\CodeIgniter->runController(Object(App\Controllers\Login))
 4 SYSTEMPATH\CodeIgniter.php(349): CodeIgniter\CodeIgniter->handleRequest(null, Object(Config\Cache), false)
 5 FCPATH\index.php(67): CodeIgniter\CodeIgniter->run()
ERROR - 2023-01-08 13:38:53 --> mysqli_sql_exception: Unknown column 'personen.id' in 'where clause' in C:\xampp\htdocs\codeigniteru6\system\Database\MySQLi\Connection.php:292
Stack trace:
#0 C:\xampp\htdocs\codeigniteru6\system\Database\MySQLi\Connection.php(292): mysqli->query('DELETE FROM `mi...', 0)
#1 C:\xampp\htdocs\codeigniteru6\system\Database\BaseConnection.php(666): CodeIgniter\Database\MySQLi\Connection->execute('DELETE FROM `mi...')
#2 C:\xampp\htdocs\codeigniteru6\system\Database\BaseConnection.php(593): CodeIgniter\Database\BaseConnection->simpleQuery('DELETE FROM `mi...')
#3 C:\xampp\htdocs\codeigniteru6\system\Database\BaseBuilder.php(2391): CodeIgniter\Database\BaseConnection->query('DELETE FROM `mi...', Array, false)
#4 C:\xampp\htdocs\codeigniteru6\app\Models\MitgliederModel.php(52): CodeIgniter\Database\BaseBuilder->delete()
#5 C:\xampp\htdocs\codeigniteru6\app\Controllers\Mitglieder.php(42): App\Models\MitgliederModel->deleteMitglied()
#6 C:\xampp\htdocs\codeigniteru6\system\CodeIgniter.php(925): App\Controllers\Mitglieder->submit_edit()
#7 C:\xampp\htdocs\codeigniteru6\system\CodeIgniter.php(480): CodeIgniter\CodeIgniter->runController(Object(App\Controllers\Mitglieder))
#8 C:\xampp\htdocs\codeigniteru6\system\CodeIgniter.php(349): CodeIgniter\CodeIgniter->handleRequest(NULL, Object(Config\Cache), false)
#9 C:\xampp\htdocs\codeigniteru6\public\index.php(67): CodeIgniter\CodeIgniter->run()
#10 {main}
CRITICAL - 2023-01-08 13:38:53 --> Unknown column 'personen.id' in 'where clause'
in SYSTEMPATH\Database\MySQLi\Connection.php on line 292.
 1 SYSTEMPATH\Database\MySQLi\Connection.php(292): mysqli->query('DELETE FROM `mitglieder`
WHERE `personen`.`id` = \'5\'', 0)
 2 SYSTEMPATH\Database\BaseConnection.php(666): CodeIgniter\Database\MySQLi\Connection->execute('DELETE FROM `mitglieder`
WHERE `personen`.`id` = \'5\'')
 3 SYSTEMPATH\Database\BaseConnection.php(593): CodeIgniter\Database\BaseConnection->simpleQuery('DELETE FROM `mitglieder`
WHERE `personen`.`id` = \'5\'')
 4 SYSTEMPATH\Database\BaseBuilder.php(2391): CodeIgniter\Database\BaseConnection->query('DELETE FROM `mitglieder`
WHERE `personen`.`id` = :personen.id:', [...], false)
 5 APPPATH\Models\MitgliederModel.php(52): CodeIgniter\Database\BaseBuilder->delete()
 6 APPPATH\Controllers\Mitglieder.php(42): App\Models\MitgliederModel->deleteMitglied()
 7 SYSTEMPATH\CodeIgniter.php(925): App\Controllers\Mitglieder->submit_edit()
 8 SYSTEMPATH\CodeIgniter.php(480): CodeIgniter\CodeIgniter->runController(Object(App\Controllers\Mitglieder))
 9 SYSTEMPATH\CodeIgniter.php(349): CodeIgniter\CodeIgniter->handleRequest(null, Object(Config\Cache), false)
10 FCPATH\index.php(67): CodeIgniter\CodeIgniter->run()
CRITICAL - 2023-01-08 14:01:34 --> syntax error, unexpected token "if"
in APPPATH\Views\Mitglieder\Mitglieder.php on line 44.
 1 SYSTEMPATH\View\View.php(216): CodeIgniter\View\View->CodeIgniter\View\{closure}()
 2 SYSTEMPATH\Common.php(1135): CodeIgniter\View\View->render('Mitglieder/Mitglieder', [], true)
 3 APPPATH\Controllers\Mitglieder.php(24): view('Mitglieder/Mitglieder', [...])
 4 SYSTEMPATH\CodeIgniter.php(925): App\Controllers\Mitglieder->index()
 5 SYSTEMPATH\CodeIgniter.php(480): CodeIgniter\CodeIgniter->runController(Object(App\Controllers\Mitglieder))
 6 SYSTEMPATH\CodeIgniter.php(349): CodeIgniter\CodeIgniter->handleRequest(null, Object(Config\Cache), false)
 7 FCPATH\index.php(67): CodeIgniter\CodeIgniter->run()
CRITICAL - 2023-01-08 14:08:53 --> syntax error, unexpected token "if"
in APPPATH\Views\Mitglieder\Mitglieder.php on line 44.
 1 SYSTEMPATH\View\View.php(216): CodeIgniter\View\View->CodeIgniter\View\{closure}()
 2 SYSTEMPATH\Common.php(1135): CodeIgniter\View\View->render('Mitglieder/Mitglieder', [], true)
 3 APPPATH\Controllers\Mitglieder.php(24): view('Mitglieder/Mitglieder', [...])
 4 SYSTEMPATH\CodeIgniter.php(925): App\Controllers\Mitglieder->index()
 5 SYSTEMPATH\CodeIgniter.php(480): CodeIgniter\CodeIgniter->runController(Object(App\Controllers\Mitglieder))
 6 SYSTEMPATH\CodeIgniter.php(349): CodeIgniter\CodeIgniter->handleRequest(null, Object(Config\Cache), false)
 7 FCPATH\index.php(67): CodeIgniter\CodeIgniter->run()
ERROR - 2023-01-08 14:16:44 --> mysqli_sql_exception: Cannot delete or update a parent row: a foreign key constraint fails (`webentwicklung`.`aufgaben`, CONSTRAINT `aufg_to_mitg` FOREIGN KEY (`ersteller`) REFERENCES `mitglieder` (`id`)) in C:\xampp\htdocs\codeigniteru6\system\Database\MySQLi\Connection.php:292
Stack trace:
#0 C:\xampp\htdocs\codeigniteru6\system\Database\MySQLi\Connection.php(292): mysqli->query('DELETE FROM `mi...', 0)
#1 C:\xampp\htdocs\codeigniteru6\system\Database\BaseConnection.php(666): CodeIgniter\Database\MySQLi\Connection->execute('DELETE FROM `mi...')
#2 C:\xampp\htdocs\codeigniteru6\system\Database\BaseConnection.php(593): CodeIgniter\Database\BaseConnection->simpleQuery('DELETE FROM `mi...')
#3 C:\xampp\htdocs\codeigniteru6\system\Database\BaseBuilder.php(2391): CodeIgniter\Database\BaseConnection->query('DELETE FROM `mi...', Array, false)
#4 C:\xampp\htdocs\codeigniteru6\app\Models\MitgliederModel.php(52): CodeIgniter\Database\BaseBuilder->delete()
#5 C:\xampp\htdocs\codeigniteru6\app\Controllers\Mitglieder.php(46): App\Models\MitgliederModel->deleteMitglied()
#6 C:\xampp\htdocs\codeigniteru6\system\CodeIgniter.php(925): App\Controllers\Mitglieder->submit_edit()
#7 C:\xampp\htdocs\codeigniteru6\system\CodeIgniter.php(480): CodeIgniter\CodeIgniter->runController(Object(App\Controllers\Mitglieder))
#8 C:\xampp\htdocs\codeigniteru6\system\CodeIgniter.php(349): CodeIgniter\CodeIgniter->handleRequest(NULL, Object(Config\Cache), false)
#9 C:\xampp\htdocs\codeigniteru6\public\index.php(67): CodeIgniter\CodeIgniter->run()
#10 {main}
CRITICAL - 2023-01-08 14:16:44 --> Cannot delete or update a parent row: a foreign key constraint fails (`webentwicklung`.`aufgaben`, CONSTRAINT `aufg_to_mitg` FOREIGN KEY (`ersteller`) REFERENCES `mitglieder` (`id`))
in SYSTEMPATH\Database\MySQLi\Connection.php on line 292.
 1 SYSTEMPATH\Database\MySQLi\Connection.php(292): mysqli->query('DELETE FROM `mitglieder`
WHERE `mitglieder`.`id` = \'1\'', 0)
 2 SYSTEMPATH\Database\BaseConnection.php(666): CodeIgniter\Database\MySQLi\Connection->execute('DELETE FROM `mitglieder`
WHERE `mitglieder`.`id` = \'1\'')
 3 SYSTEMPATH\Database\BaseConnection.php(593): CodeIgniter\Database\BaseConnection->simpleQuery('DELETE FROM `mitglieder`
WHERE `mitglieder`.`id` = \'1\'')
 4 SYSTEMPATH\Database\BaseBuilder.php(2391): CodeIgniter\Database\BaseConnection->query('DELETE FROM `mitglieder`
WHERE `mitglieder`.`id` = :mitglieder.id:', [...], false)
 5 APPPATH\Models\MitgliederModel.php(52): CodeIgniter\Database\BaseBuilder->delete()
 6 APPPATH\Controllers\Mitglieder.php(46): App\Models\MitgliederModel->deleteMitglied()
 7 SYSTEMPATH\CodeIgniter.php(925): App\Controllers\Mitglieder->submit_edit()
 8 SYSTEMPATH\CodeIgniter.php(480): CodeIgniter\CodeIgniter->runController(Object(App\Controllers\Mitglieder))
 9 SYSTEMPATH\CodeIgniter.php(349): CodeIgniter\CodeIgniter->handleRequest(null, Object(Config\Cache), false)
10 FCPATH\index.php(67): CodeIgniter\CodeIgniter->run()
CRITICAL - 2023-01-08 15:19:01 --> syntax error, unexpected end of file
in APPPATH\Views\Mitglieder\Mitglieder.php on line 59.
 1 SYSTEMPATH\View\View.php(216): CodeIgniter\View\View->CodeIgniter\View\{closure}()
 2 SYSTEMPATH\Common.php(1135): CodeIgniter\View\View->render('Mitglieder/Mitglieder', [], true)
 3 APPPATH\Controllers\Mitglieder.php(16): view('Mitglieder/Mitglieder', [...])
 4 SYSTEMPATH\CodeIgniter.php(925): App\Controllers\Mitglieder->index()
 5 SYSTEMPATH\CodeIgniter.php(480): CodeIgniter\CodeIgniter->runController(Object(App\Controllers\Mitglieder))
 6 SYSTEMPATH\CodeIgniter.php(349): CodeIgniter\CodeIgniter->handleRequest(null, Object(Config\Cache), false)
 7 FCPATH\index.php(67): CodeIgniter\CodeIgniter->run()
CRITICAL - 2023-01-08 15:26:25 --> Undefined property: App\Controllers\Mitglieder::$PersonenModel
in APPPATH\Controllers\Mitglieder.php on line 26.
 1 APPPATH\Controllers\Mitglieder.php(26): CodeIgniter\Debug\Exceptions->errorHandler(2, 'Undefined property: App\\Controllers\\Mitglieder::$PersonenModel', 'APPPATH\\Controllers\\Mitglieder.php', 26)
 2 SYSTEMPATH\CodeIgniter.php(925): App\Controllers\Mitglieder->submit_edit()
 3 SYSTEMPATH\CodeIgniter.php(480): CodeIgniter\CodeIgniter->runController(Object(App\Controllers\Mitglieder))
 4 SYSTEMPATH\CodeIgniter.php(349): CodeIgniter\CodeIgniter->handleRequest(null, Object(Config\Cache), false)
 5 FCPATH\index.php(67): CodeIgniter\CodeIgniter->run()
CRITICAL - 2023-01-08 15:30:47 --> Undefined array key "id"
in APPPATH\Models\MitgliederModel.php on line 39.
 1 APPPATH\Models\MitgliederModel.php(39): CodeIgniter\Debug\Exceptions->errorHandler(2, 'Undefined array key "id"', 'APPPATH\\Models\\MitgliederModel.php', 39)
 2 APPPATH\Controllers\Mitglieder.php(37): App\Models\MitgliederModel->deletemitglied()
 3 SYSTEMPATH\CodeIgniter.php(925): App\Controllers\Mitglieder->submit_edit()
 4 SYSTEMPATH\CodeIgniter.php(480): CodeIgniter\CodeIgniter->runController(Object(App\Controllers\Mitglieder))
 5 SYSTEMPATH\CodeIgniter.php(349): CodeIgniter\CodeIgniter->handleRequest(null, Object(Config\Cache), false)
 6 FCPATH\index.php(67): CodeIgniter\CodeIgniter->run()
CRITICAL - 2023-01-08 15:34:49 --> Undefined array key "id"
in APPPATH\Models\MitgliederModel.php on line 45.
 1 APPPATH\Models\MitgliederModel.php(45): CodeIgniter\Debug\Exceptions->errorHandler(2, 'Undefined array key "id"', 'APPPATH\\Models\\MitgliederModel.php', 45)
 2 APPPATH\Controllers\Mitglieder.php(37): App\Models\MitgliederModel->deletemitglied()
 3 SYSTEMPATH\CodeIgniter.php(925): App\Controllers\Mitglieder->submit_edit()
 4 SYSTEMPATH\CodeIgniter.php(480): CodeIgniter\CodeIgniter->runController(Object(App\Controllers\Mitglieder))
 5 SYSTEMPATH\CodeIgniter.php(349): CodeIgniter\CodeIgniter->handleRequest(null, Object(Config\Cache), false)
 6 FCPATH\index.php(67): CodeIgniter\CodeIgniter->run()
CRITICAL - 2023-01-08 16:00:55 --> Undefined array key "id"
in APPPATH\Views\Mitglieder\Mitglieder.php on line 49.
 1 APPPATH\Views\Mitglieder\Mitglieder.php(49): CodeIgniter\Debug\Exceptions->errorHandler(2, 'Undefined array key "id"', 'APPPATH\\Views\\Mitglieder\\Mitglieder.php', 49)
 2 SYSTEMPATH\View\View.php(213): include('APPPATH\\Views\\Mitglieder\\Mitglieder.php')
 3 SYSTEMPATH\View\View.php(216): CodeIgniter\View\View->CodeIgniter\View\{closure}()
 4 SYSTEMPATH\Common.php(1135): CodeIgniter\View\View->render('Mitglieder/Mitglieder', [], true)
 5 APPPATH\Controllers\Mitglieder.php(25): view('Mitglieder/Mitglieder', [...])
 6 SYSTEMPATH\CodeIgniter.php(925): App\Controllers\Mitglieder->index()
 7 SYSTEMPATH\CodeIgniter.php(480): CodeIgniter\CodeIgniter->runController(Object(App\Controllers\Mitglieder))
 8 SYSTEMPATH\CodeIgniter.php(349): CodeIgniter\CodeIgniter->handleRequest(null, Object(Config\Cache), false)
 9 FCPATH\index.php(67): CodeIgniter\CodeIgniter->run()
CRITICAL - 2023-01-08 16:03:50 --> Undefined variable $person
in APPPATH\Views\Mitglieder\Mitglieder.php on line 49.
 1 APPPATH\Views\Mitglieder\Mitglieder.php(49): CodeIgniter\Debug\Exceptions->errorHandler(2, 'Undefined variable $person', 'APPPATH\\Views\\Mitglieder\\Mitglieder.php', 49)
 2 SYSTEMPATH\View\View.php(213): include('APPPATH\\Views\\Mitglieder\\Mitglieder.php')
 3 SYSTEMPATH\View\View.php(216): CodeIgniter\View\View->CodeIgniter\View\{closure}()
 4 SYSTEMPATH\Common.php(1135): CodeIgniter\View\View->render('Mitglieder/Mitglieder', [], true)
 5 APPPATH\Controllers\Mitglieder.php(25): view('Mitglieder/Mitglieder', [...])
 6 SYSTEMPATH\CodeIgniter.php(925): App\Controllers\Mitglieder->index()
 7 SYSTEMPATH\CodeIgniter.php(480): CodeIgniter\CodeIgniter->runController(Object(App\Controllers\Mitglieder))
 8 SYSTEMPATH\CodeIgniter.php(349): CodeIgniter\CodeIgniter->handleRequest(null, Object(Config\Cache), false)
 9 FCPATH\index.php(67): CodeIgniter\CodeIgniter->run()
CRITICAL - 2023-01-08 16:04:35 --> Undefined array key "id"
in APPPATH\Views\Mitglieder\Mitglieder.php on line 49.
 1 APPPATH\Views\Mitglieder\Mitglieder.php(49): CodeIgniter\Debug\Exceptions->errorHandler(2, 'Undefined array key "id"', 'APPPATH\\Views\\Mitglieder\\Mitglieder.php', 49)
 2 SYSTEMPATH\View\View.php(213): include('APPPATH\\Views\\Mitglieder\\Mitglieder.php')
 3 SYSTEMPATH\View\View.php(216): CodeIgniter\View\View->CodeIgniter\View\{closure}()
 4 SYSTEMPATH\Common.php(1135): CodeIgniter\View\View->render('Mitglieder/Mitglieder', [], true)
 5 APPPATH\Controllers\Mitglieder.php(25): view('Mitglieder/Mitglieder', [...])
 6 SYSTEMPATH\CodeIgniter.php(925): App\Controllers\Mitglieder->index()
 7 SYSTEMPATH\CodeIgniter.php(480): CodeIgniter\CodeIgniter->runController(Object(App\Controllers\Mitglieder))
 8 SYSTEMPATH\CodeIgniter.php(349): CodeIgniter\CodeIgniter->handleRequest(null, Object(Config\Cache), false)
 9 FCPATH\index.php(67): CodeIgniter\CodeIgniter->run()
CRITICAL - 2023-01-08 16:04:47 --> Undefined array key "abc"
in APPPATH\Views\Mitglieder\Mitglieder.php on line 49.
 1 APPPATH\Views\Mitglieder\Mitglieder.php(49): CodeIgniter\Debug\Exceptions->errorHandler(2, 'Undefined array key "abc"', 'APPPATH\\Views\\Mitglieder\\Mitglieder.php', 49)
 2 SYSTEMPATH\View\View.php(213): include('APPPATH\\Views\\Mitglieder\\Mitglieder.php')
 3 SYSTEMPATH\View\View.php(216): CodeIgniter\View\View->CodeIgniter\View\{closure}()
 4 SYSTEMPATH\Common.php(1135): CodeIgniter\View\View->render('Mitglieder/Mitglieder', [], true)
 5 APPPATH\Controllers\Mitglieder.php(25): view('Mitglieder/Mitglieder', [...])
 6 SYSTEMPATH\CodeIgniter.php(925): App\Controllers\Mitglieder->index()
 7 SYSTEMPATH\CodeIgniter.php(480): CodeIgniter\CodeIgniter->runController(Object(App\Controllers\Mitglieder))
 8 SYSTEMPATH\CodeIgniter.php(349): CodeIgniter\CodeIgniter->handleRequest(null, Object(Config\Cache), false)
 9 FCPATH\index.php(67): CodeIgniter\CodeIgniter->run()
CRITICAL - 2023-01-08 16:07:49 --> Undefined array key "abc"
in APPPATH\Views\Mitglieder\Mitglieder.php on line 49.
 1 APPPATH\Views\Mitglieder\Mitglieder.php(49): CodeIgniter\Debug\Exceptions->errorHandler(2, 'Undefined array key "abc"', 'APPPATH\\Views\\Mitglieder\\Mitglieder.php', 49)
 2 SYSTEMPATH\View\View.php(213): include('APPPATH\\Views\\Mitglieder\\Mitglieder.php')
 3 SYSTEMPATH\View\View.php(216): CodeIgniter\View\View->CodeIgniter\View\{closure}()
 4 SYSTEMPATH\Common.php(1135): CodeIgniter\View\View->render('Mitglieder/Mitglieder', [], true)
 5 APPPATH\Controllers\Mitglieder.php(25): view('Mitglieder/Mitglieder', [...])
 6 SYSTEMPATH\CodeIgniter.php(925): App\Controllers\Mitglieder->index()
 7 SYSTEMPATH\CodeIgniter.php(480): CodeIgniter\CodeIgniter->runController(Object(App\Controllers\Mitglieder))
 8 SYSTEMPATH\CodeIgniter.php(349): CodeIgniter\CodeIgniter->handleRequest(null, Object(Config\Cache), false)
 9 FCPATH\index.php(67): CodeIgniter\CodeIgniter->run()
CRITICAL - 2023-01-08 16:08:29 --> Undefined array key "id"
in APPPATH\Views\Mitglieder\Mitglieder.php on line 49.
 1 APPPATH\Views\Mitglieder\Mitglieder.php(49): CodeIgniter\Debug\Exceptions->errorHandler(2, 'Undefined array key "id"', 'APPPATH\\Views\\Mitglieder\\Mitglieder.php', 49)
 2 SYSTEMPATH\View\View.php(213): include('APPPATH\\Views\\Mitglieder\\Mitglieder.php')
 3 SYSTEMPATH\View\View.php(216): CodeIgniter\View\View->CodeIgniter\View\{closure}()
 4 SYSTEMPATH\Common.php(1135): CodeIgniter\View\View->render('Mitglieder/Mitglieder', [], true)
 5 APPPATH\Controllers\Mitglieder.php(25): view('Mitglieder/Mitglieder', [...])
 6 SYSTEMPATH\CodeIgniter.php(925): App\Controllers\Mitglieder->index()
 7 SYSTEMPATH\CodeIgniter.php(480): CodeIgniter\CodeIgniter->runController(Object(App\Controllers\Mitglieder))
 8 SYSTEMPATH\CodeIgniter.php(349): CodeIgniter\CodeIgniter->handleRequest(null, Object(Config\Cache), false)
 9 FCPATH\index.php(67): CodeIgniter\CodeIgniter->run()
CRITICAL - 2023-01-08 16:09:13 --> Undefined property: CodeIgniter\View\View::$session
in APPPATH\Views\Mitglieder\Mitglieder.php on line 49.
 1 APPPATH\Views\Mitglieder\Mitglieder.php(49): CodeIgniter\Debug\Exceptions->errorHandler(2, 'Undefined property: CodeIgniter\\View\\View::$session', 'APPPATH\\Views\\Mitglieder\\Mitglieder.php', 49)
 2 SYSTEMPATH\View\View.php(213): include('APPPATH\\Views\\Mitglieder\\Mitglieder.php')
 3 SYSTEMPATH\View\View.php(216): CodeIgniter\View\View->CodeIgniter\View\{closure}()
 4 SYSTEMPATH\Common.php(1135): CodeIgniter\View\View->render('Mitglieder/Mitglieder', [], true)
 5 APPPATH\Controllers\Mitglieder.php(25): view('Mitglieder/Mitglieder', [...])
 6 SYSTEMPATH\CodeIgniter.php(925): App\Controllers\Mitglieder->index()
 7 SYSTEMPATH\CodeIgniter.php(480): CodeIgniter\CodeIgniter->runController(Object(App\Controllers\Mitglieder))
 8 SYSTEMPATH\CodeIgniter.php(349): CodeIgniter\CodeIgniter->handleRequest(null, Object(Config\Cache), false)
 9 FCPATH\index.php(67): CodeIgniter\CodeIgniter->run()
CRITICAL - 2023-01-08 16:14:32 --> Undefined property: CodeIgniter\View\View::$session
in APPPATH\Views\Mitglieder\Mitglieder.php on line 49.
 1 APPPATH\Views\Mitglieder\Mitglieder.php(49): CodeIgniter\Debug\Exceptions->errorHandler(2, 'Undefined property: CodeIgniter\\View\\View::$session', 'APPPATH\\Views\\Mitglieder\\Mitglieder.php', 49)
 2 SYSTEMPATH\View\View.php(213): include('APPPATH\\Views\\Mitglieder\\Mitglieder.php')
 3 SYSTEMPATH\View\View.php(216): CodeIgniter\View\View->CodeIgniter\View\{closure}()
 4 SYSTEMPATH\Common.php(1135): CodeIgniter\View\View->render('Mitglieder/Mitglieder', [], true)
 5 APPPATH\Controllers\Mitglieder.php(25): view('Mitglieder/Mitglieder', [...])
 6 SYSTEMPATH\CodeIgniter.php(925): App\Controllers\Mitglieder->index()
 7 SYSTEMPATH\CodeIgniter.php(480): CodeIgniter\CodeIgniter->runController(Object(App\Controllers\Mitglieder))
 8 SYSTEMPATH\CodeIgniter.php(349): CodeIgniter\CodeIgniter->handleRequest(null, Object(Config\Cache), false)
 9 FCPATH\index.php(67): CodeIgniter\CodeIgniter->run()
