CRITICAL - 2023-01-23 06:41:24 --> Undefined array key "projektid"
in APPPATH\Views\templates\Menue.php on line 5.
 1 APPPATH\Views\templates\Menue.php(5): CodeIgniter\Debug\Exceptions->errorHandler(2, 'Undefined array key "projektid"', 'APPPATH\\Views\\templates\\Menue.php', 5)
 2 SYSTEMPATH\View\View.php(213): include('APPPATH\\Views\\templates\\Menue.php')
 3 SYSTEMPATH\View\View.php(216): CodeIgniter\View\View->CodeIgniter\View\{closure}()
 4 SYSTEMPATH\Common.php(1135): CodeIgniter\View\View->render('templates/Menue', [], true)
 5 APPPATH\Controllers\Aktuelle_Projekte.php(21): view('templates/Menue')
 6 SYSTEMPATH\CodeIgniter.php(925): App\Controllers\Aktuelle_Projekte->index()
 7 SYSTEMPATH\CodeIgniter.php(480): CodeIgniter\CodeIgniter->runController(Object(App\Controllers\Aktuelle_Projekte))
 8 SYSTEMPATH\CodeIgniter.php(349): CodeIgniter\CodeIgniter->handleRequest(null, Object(Config\Cache), false)
 9 FCPATH\index.php(67): CodeIgniter\CodeIgniter->run()
CRITICAL - 2023-01-23 06:59:16 --> Undefined array key "mitgliederids"
in APPPATH\Models\AufgabenModel.php on line 89.
 1 APPPATH\Models\AufgabenModel.php(89): CodeIgniter\Debug\Exceptions->errorHandler(2, 'Undefined array key "mitgliederids"', 'APPPATH\\Models\\AufgabenModel.php', 89)
 2 APPPATH\Controllers\Aufgaben.php(44): App\Models\AufgabenModel->updateAufgabe()
 3 SYSTEMPATH\CodeIgniter.php(925): App\Controllers\Aufgaben->submit_edit()
 4 SYSTEMPATH\CodeIgniter.php(480): CodeIgniter\CodeIgniter->runController(Object(App\Controllers\Aufgaben))
 5 SYSTEMPATH\CodeIgniter.php(349): CodeIgniter\CodeIgniter->handleRequest(null, Object(Config\Cache), false)
 6 FCPATH\index.php(67): CodeIgniter\CodeIgniter->run()
CRITICAL - 2023-01-23 14:09:49 --> Undefined array key "projektid"
in APPPATH\Controllers\Mitglieder.php on line 21.
 1 APPPATH\Controllers\Mitglieder.php(21): CodeIgniter\Debug\Exceptions->errorHandler(2, 'Undefined array key "projektid"', 'APPPATH\\Controllers\\Mitglieder.php', 21)
 2 SYSTEMPATH\CodeIgniter.php(925): App\Controllers\Mitglieder->index()
 3 SYSTEMPATH\CodeIgniter.php(480): CodeIgniter\CodeIgniter->runController(Object(App\Controllers\Mitglieder))
 4 SYSTEMPATH\CodeIgniter.php(349): CodeIgniter\CodeIgniter->handleRequest(null, Object(Config\Cache), false)
 5 FCPATH\index.php(67): CodeIgniter\CodeIgniter->run()
ERROR - 2023-01-23 14:11:07 --> mysqli_sql_exception: Duplicate entry '2-9' for key 'projektid' in C:\xampp\htdocs\codeigniteru6\system\Database\MySQLi\Connection.php:292
Stack trace:
#0 C:\xampp\htdocs\codeigniteru6\system\Database\MySQLi\Connection.php(292): mysqli->query('INSERT INTO `pr...', 0)
#1 C:\xampp\htdocs\codeigniteru6\system\Database\BaseConnection.php(666): CodeIgniter\Database\MySQLi\Connection->execute('INSERT INTO `pr...')
#2 C:\xampp\htdocs\codeigniteru6\system\Database\BaseConnection.php(593): CodeIgniter\Database\BaseConnection->simpleQuery('INSERT INTO `pr...')
#3 C:\xampp\htdocs\codeigniteru6\system\Database\BaseBuilder.php(1916): CodeIgniter\Database\BaseConnection->query('INSERT INTO `pr...', Array, false)
#4 C:\xampp\htdocs\codeigniteru6\app\Models\MitgliederModel.php(73): CodeIgniter\Database\BaseBuilder->insert(Array)
#5 C:\xampp\htdocs\codeigniteru6\app\Controllers\Mitglieder.php(43): App\Models\MitgliederModel->updatemitglied()
#6 C:\xampp\htdocs\codeigniteru6\system\CodeIgniter.php(925): App\Controllers\Mitglieder->submit_edit()
#7 C:\xampp\htdocs\codeigniteru6\system\CodeIgniter.php(480): CodeIgniter\CodeIgniter->runController(Object(App\Controllers\Mitglieder))
#8 C:\xampp\htdocs\codeigniteru6\system\CodeIgniter.php(349): CodeIgniter\CodeIgniter->handleRequest(NULL, Object(Config\Cache), false)
#9 C:\xampp\htdocs\codeigniteru6\public\index.php(67): CodeIgniter\CodeIgniter->run()
#10 {main}
CRITICAL - 2023-01-23 14:11:07 --> Duplicate entry '2-9' for key 'projektid'
in SYSTEMPATH\Database\MySQLi\Connection.php on line 292.
 1 SYSTEMPATH\Database\MySQLi\Connection.php(292): mysqli->query('INSERT INTO `projekte_mitglieder` (`projektid`, `mitgliedid`) VALUES (\'2\', \'9\')', 0)
 2 SYSTEMPATH\Database\BaseConnection.php(666): CodeIgniter\Database\MySQLi\Connection->execute('INSERT INTO `projekte_mitglieder` (`projektid`, `mitgliedid`) VALUES (\'2\', \'9\')')
 3 SYSTEMPATH\Database\BaseConnection.php(593): CodeIgniter\Database\BaseConnection->simpleQuery('INSERT INTO `projekte_mitglieder` (`projektid`, `mitgliedid`) VALUES (\'2\', \'9\')')
 4 SYSTEMPATH\Database\BaseBuilder.php(1916): CodeIgniter\Database\BaseConnection->query('INSERT INTO `projekte_mitglieder` (`projektid`, `mitgliedid`) VALUES (:projektid:, :mitgliedid:)', [...], false)
 5 APPPATH\Models\MitgliederModel.php(73): CodeIgniter\Database\BaseBuilder->insert([...])
 6 APPPATH\Controllers\Mitglieder.php(43): App\Models\MitgliederModel->updatemitglied()
 7 SYSTEMPATH\CodeIgniter.php(925): App\Controllers\Mitglieder->submit_edit()
 8 SYSTEMPATH\CodeIgniter.php(480): CodeIgniter\CodeIgniter->runController(Object(App\Controllers\Mitglieder))
 9 SYSTEMPATH\CodeIgniter.php(349): CodeIgniter\CodeIgniter->handleRequest(null, Object(Config\Cache), false)
10 FCPATH\index.php(67): CodeIgniter\CodeIgniter->run()
ERROR - 2023-01-23 14:13:53 --> mysqli_sql_exception: Duplicate entry '2-9' for key 'projektid' in C:\xampp\htdocs\codeigniteru6\system\Database\MySQLi\Connection.php:292
Stack trace:
#0 C:\xampp\htdocs\codeigniteru6\system\Database\MySQLi\Connection.php(292): mysqli->query('INSERT INTO `pr...', 0)
#1 C:\xampp\htdocs\codeigniteru6\system\Database\BaseConnection.php(666): CodeIgniter\Database\MySQLi\Connection->execute('INSERT INTO `pr...')
#2 C:\xampp\htdocs\codeigniteru6\system\Database\BaseConnection.php(593): CodeIgniter\Database\BaseConnection->simpleQuery('INSERT INTO `pr...')
#3 C:\xampp\htdocs\codeigniteru6\system\Database\BaseBuilder.php(1916): CodeIgniter\Database\BaseConnection->query('INSERT INTO `pr...', Array, false)
#4 C:\xampp\htdocs\codeigniteru6\app\Models\MitgliederModel.php(74): CodeIgniter\Database\BaseBuilder->insert(Array)
#5 C:\xampp\htdocs\codeigniteru6\app\Controllers\Mitglieder.php(43): App\Models\MitgliederModel->updatemitglied()
#6 C:\xampp\htdocs\codeigniteru6\system\CodeIgniter.php(925): App\Controllers\Mitglieder->submit_edit()
#7 C:\xampp\htdocs\codeigniteru6\system\CodeIgniter.php(480): CodeIgniter\CodeIgniter->runController(Object(App\Controllers\Mitglieder))
#8 C:\xampp\htdocs\codeigniteru6\system\CodeIgniter.php(349): CodeIgniter\CodeIgniter->handleRequest(NULL, Object(Config\Cache), false)
#9 C:\xampp\htdocs\codeigniteru6\public\index.php(67): CodeIgniter\CodeIgniter->run()
#10 {main}
CRITICAL - 2023-01-23 14:13:53 --> Duplicate entry '2-9' for key 'projektid'
in SYSTEMPATH\Database\MySQLi\Connection.php on line 292.
 1 SYSTEMPATH\Database\MySQLi\Connection.php(292): mysqli->query('INSERT INTO `projekte_mitglieder` (`projektid`, `mitgliedid`) VALUES (\'2\', \'9\')', 0)
 2 SYSTEMPATH\Database\BaseConnection.php(666): CodeIgniter\Database\MySQLi\Connection->execute('INSERT INTO `projekte_mitglieder` (`projektid`, `mitgliedid`) VALUES (\'2\', \'9\')')
 3 SYSTEMPATH\Database\BaseConnection.php(593): CodeIgniter\Database\BaseConnection->simpleQuery('INSERT INTO `projekte_mitglieder` (`projektid`, `mitgliedid`) VALUES (\'2\', \'9\')')
 4 SYSTEMPATH\Database\BaseBuilder.php(1916): CodeIgniter\Database\BaseConnection->query('INSERT INTO `projekte_mitglieder` (`projektid`, `mitgliedid`) VALUES (:projektid:, :mitgliedid:)', [...], false)
 5 APPPATH\Models\MitgliederModel.php(74): CodeIgniter\Database\BaseBuilder->insert([...])
 6 APPPATH\Controllers\Mitglieder.php(43): App\Models\MitgliederModel->updatemitglied()
 7 SYSTEMPATH\CodeIgniter.php(925): App\Controllers\Mitglieder->submit_edit()
 8 SYSTEMPATH\CodeIgniter.php(480): CodeIgniter\CodeIgniter->runController(Object(App\Controllers\Mitglieder))
 9 SYSTEMPATH\CodeIgniter.php(349): CodeIgniter\CodeIgniter->handleRequest(null, Object(Config\Cache), false)
10 FCPATH\index.php(67): CodeIgniter\CodeIgniter->run()
