ERROR - 2023-01-20 05:45:11 --> mysqli_sql_exception: You have an error in your SQL syntax; check the manual that corresponds to your MariaDB server version for the right syntax to use near 'seperator "") As zuständig
FROM `aufgaben`
JOIN `reiter` ON `aufgaben`.`reit...' at line 1 in C:\xampp\htdocs\codeigniteru6\system\Database\MySQLi\Connection.php:292
Stack trace:
#0 C:\xampp\htdocs\codeigniteru6\system\Database\MySQLi\Connection.php(292): mysqli->query('SELECT `aufgabe...', 0)
#1 C:\xampp\htdocs\codeigniteru6\system\Database\BaseConnection.php(666): CodeIgniter\Database\MySQLi\Connection->execute('SELECT `aufgabe...')
#2 C:\xampp\htdocs\codeigniteru6\system\Database\BaseConnection.php(593): CodeIgniter\Database\BaseConnection->simpleQuery('SELECT `aufgabe...')
#3 C:\xampp\htdocs\codeigniteru6\system\Database\BaseBuilder.php(1585): CodeIgniter\Database\BaseConnection->query('SELECT `aufgabe...', Array, false)
#4 C:\xampp\htdocs\codeigniteru6\app\Models\AufgabenModel.php(25): CodeIgniter\Database\BaseBuilder->get()
#5 C:\xampp\htdocs\codeigniteru6\app\Controllers\Aufgaben.php(27): App\Models\AufgabenModel->getData()
#6 C:\xampp\htdocs\codeigniteru6\system\CodeIgniter.php(925): App\Controllers\Aufgaben->index()
#7 C:\xampp\htdocs\codeigniteru6\system\CodeIgniter.php(480): CodeIgniter\CodeIgniter->runController(Object(App\Controllers\Aufgaben))
#8 C:\xampp\htdocs\codeigniteru6\system\CodeIgniter.php(349): CodeIgniter\CodeIgniter->handleRequest(NULL, Object(Config\Cache), false)
#9 C:\xampp\htdocs\codeigniteru6\public\index.php(67): CodeIgniter\CodeIgniter->run()
#10 {main}
CRITICAL - 2023-01-20 05:45:11 --> You have an error in your SQL syntax; check the manual that corresponds to your MariaDB server version for the right syntax to use near 'seperator "") As zuständig
FROM `aufgaben`
JOIN `reiter` ON `aufgaben`.`reit...' at line 1
in SYSTEMPATH\Database\MySQLi\Connection.php on line 292.
 1 SYSTEMPATH\Database\MySQLi\Connection.php(292): mysqli->query('SELECT `aufgaben`.`name` As `name`, `aufgaben`.`beschreibung` As `beschreibung`, `reiter`.`name` As `reiter`, group_concat("<li>", `mitglieder`.`username`, "</li>" seperator "") As zuständig
FROM `aufgaben`
JOIN `reiter` ON `aufgaben`.`reiter`=`reiter`.`id`
LEFT JOIN `aufgaben_mitglieder` ON `aufgaben_mitglieder`.`aufgabeid`=`aufgaben`.`id`
LEFT JOIN `mitglieder` ON `aufgaben_mitglieder`.`mitgliedid`=`mitglieder`.`id`
GROUP BY `aufgaben`.`name`
ORDER BY `aufgaben`.`id`', 0)
 2 SYSTEMPATH\Database\BaseConnection.php(666): CodeIgniter\Database\MySQLi\Connection->execute('SELECT `aufgaben`.`name` As `name`, `aufgaben`.`beschreibung` As `beschreibung`, `reiter`.`name` As `reiter`, group_concat("<li>", `mitglieder`.`username`, "</li>" seperator "") As zuständig
FROM `aufgaben`
JOIN `reiter` ON `aufgaben`.`reiter`=`reiter`.`id`
LEFT JOIN `aufgaben_mitglieder` ON `aufgaben_mitglieder`.`aufgabeid`=`aufgaben`.`id`
LEFT JOIN `mitglieder` ON `aufgaben_mitglieder`.`mitgliedid`=`mitglieder`.`id`
GROUP BY `aufgaben`.`name`
ORDER BY `aufgaben`.`id`')
 3 SYSTEMPATH\Database\BaseConnection.php(593): CodeIgniter\Database\BaseConnection->simpleQuery('SELECT `aufgaben`.`name` As `name`, `aufgaben`.`beschreibung` As `beschreibung`, `reiter`.`name` As `reiter`, group_concat("<li>", `mitglieder`.`username`, "</li>" seperator "") As zuständig
FROM `aufgaben`
JOIN `reiter` ON `aufgaben`.`reiter`=`reiter`.`id`
LEFT JOIN `aufgaben_mitglieder` ON `aufgaben_mitglieder`.`aufgabeid`=`aufgaben`.`id`
LEFT JOIN `mitglieder` ON `aufgaben_mitglieder`.`mitgliedid`=`mitglieder`.`id`
GROUP BY `aufgaben`.`name`
ORDER BY `aufgaben`.`id`')
 4 SYSTEMPATH\Database\BaseBuilder.php(1585): CodeIgniter\Database\BaseConnection->query('SELECT `aufgaben`.`name` As `name`, `aufgaben`.`beschreibung` As `beschreibung`, `reiter`.`name` As `reiter`, group_concat("<li>", `mitglieder`.`username`, "</li>" seperator "") As zuständig
FROM `aufgaben`
JOIN `reiter` ON `aufgaben`.`reiter`=`reiter`.`id`
LEFT JOIN `aufgaben_mitglieder` ON `aufgaben_mitglieder`.`aufgabeid`=`aufgaben`.`id`
LEFT JOIN `mitglieder` ON `aufgaben_mitglieder`.`mitgliedid`=`mitglieder`.`id`
GROUP BY `aufgaben`.`name`
ORDER BY `aufgaben`.`id`', [], false)
 5 APPPATH\Models\AufgabenModel.php(25): CodeIgniter\Database\BaseBuilder->get()
 6 APPPATH\Controllers\Aufgaben.php(27): App\Models\AufgabenModel->getData()
 7 SYSTEMPATH\CodeIgniter.php(925): App\Controllers\Aufgaben->index()
 8 SYSTEMPATH\CodeIgniter.php(480): CodeIgniter\CodeIgniter->runController(Object(App\Controllers\Aufgaben))
 9 SYSTEMPATH\CodeIgniter.php(349): CodeIgniter\CodeIgniter->handleRequest(null, Object(Config\Cache), false)
10 FCPATH\index.php(67): CodeIgniter\CodeIgniter->run()
ERROR - 2023-01-20 05:45:42 --> mysqli_sql_exception: You have an error in your SQL syntax; check the manual that corresponds to your MariaDB server version for the right syntax to use near '"") As zuständig
FROM `aufgaben`
JOIN `reiter` ON `aufgaben`.`reiter`=`reite...' at line 1 in C:\xampp\htdocs\codeigniteru6\system\Database\MySQLi\Connection.php:292
Stack trace:
#0 C:\xampp\htdocs\codeigniteru6\system\Database\MySQLi\Connection.php(292): mysqli->query('SELECT `aufgabe...', 0)
#1 C:\xampp\htdocs\codeigniteru6\system\Database\BaseConnection.php(666): CodeIgniter\Database\MySQLi\Connection->execute('SELECT `aufgabe...')
#2 C:\xampp\htdocs\codeigniteru6\system\Database\BaseConnection.php(593): CodeIgniter\Database\BaseConnection->simpleQuery('SELECT `aufgabe...')
#3 C:\xampp\htdocs\codeigniteru6\system\Database\BaseBuilder.php(1585): CodeIgniter\Database\BaseConnection->query('SELECT `aufgabe...', Array, false)
#4 C:\xampp\htdocs\codeigniteru6\app\Models\AufgabenModel.php(25): CodeIgniter\Database\BaseBuilder->get()
#5 C:\xampp\htdocs\codeigniteru6\app\Controllers\Aufgaben.php(27): App\Models\AufgabenModel->getData()
#6 C:\xampp\htdocs\codeigniteru6\system\CodeIgniter.php(925): App\Controllers\Aufgaben->index()
#7 C:\xampp\htdocs\codeigniteru6\system\CodeIgniter.php(480): CodeIgniter\CodeIgniter->runController(Object(App\Controllers\Aufgaben))
#8 C:\xampp\htdocs\codeigniteru6\system\CodeIgniter.php(349): CodeIgniter\CodeIgniter->handleRequest(NULL, Object(Config\Cache), false)
#9 C:\xampp\htdocs\codeigniteru6\public\index.php(67): CodeIgniter\CodeIgniter->run()
#10 {main}
CRITICAL - 2023-01-20 05:45:42 --> You have an error in your SQL syntax; check the manual that corresponds to your MariaDB server version for the right syntax to use near '"") As zuständig
FROM `aufgaben`
JOIN `reiter` ON `aufgaben`.`reiter`=`reite...' at line 1
in SYSTEMPATH\Database\MySQLi\Connection.php on line 292.
 1 SYSTEMPATH\Database\MySQLi\Connection.php(292): mysqli->query('SELECT `aufgaben`.`name` As `name`, `aufgaben`.`beschreibung` As `beschreibung`, `reiter`.`name` As `reiter`, group_concat("<li>", `mitglieder`.`username`, "</li>", seperator "") As zuständig
FROM `aufgaben`
JOIN `reiter` ON `aufgaben`.`reiter`=`reiter`.`id`
LEFT JOIN `aufgaben_mitglieder` ON `aufgaben_mitglieder`.`aufgabeid`=`aufgaben`.`id`
LEFT JOIN `mitglieder` ON `aufgaben_mitglieder`.`mitgliedid`=`mitglieder`.`id`
GROUP BY `aufgaben`.`name`
ORDER BY `aufgaben`.`id`', 0)
 2 SYSTEMPATH\Database\BaseConnection.php(666): CodeIgniter\Database\MySQLi\Connection->execute('SELECT `aufgaben`.`name` As `name`, `aufgaben`.`beschreibung` As `beschreibung`, `reiter`.`name` As `reiter`, group_concat("<li>", `mitglieder`.`username`, "</li>", seperator "") As zuständig
FROM `aufgaben`
JOIN `reiter` ON `aufgaben`.`reiter`=`reiter`.`id`
LEFT JOIN `aufgaben_mitglieder` ON `aufgaben_mitglieder`.`aufgabeid`=`aufgaben`.`id`
LEFT JOIN `mitglieder` ON `aufgaben_mitglieder`.`mitgliedid`=`mitglieder`.`id`
GROUP BY `aufgaben`.`name`
ORDER BY `aufgaben`.`id`')
 3 SYSTEMPATH\Database\BaseConnection.php(593): CodeIgniter\Database\BaseConnection->simpleQuery('SELECT `aufgaben`.`name` As `name`, `aufgaben`.`beschreibung` As `beschreibung`, `reiter`.`name` As `reiter`, group_concat("<li>", `mitglieder`.`username`, "</li>", seperator "") As zuständig
FROM `aufgaben`
JOIN `reiter` ON `aufgaben`.`reiter`=`reiter`.`id`
LEFT JOIN `aufgaben_mitglieder` ON `aufgaben_mitglieder`.`aufgabeid`=`aufgaben`.`id`
LEFT JOIN `mitglieder` ON `aufgaben_mitglieder`.`mitgliedid`=`mitglieder`.`id`
GROUP BY `aufgaben`.`name`
ORDER BY `aufgaben`.`id`')
 4 SYSTEMPATH\Database\BaseBuilder.php(1585): CodeIgniter\Database\BaseConnection->query('SELECT `aufgaben`.`name` As `name`, `aufgaben`.`beschreibung` As `beschreibung`, `reiter`.`name` As `reiter`, group_concat("<li>", `mitglieder`.`username`, "</li>", seperator "") As zuständig
FROM `aufgaben`
JOIN `reiter` ON `aufgaben`.`reiter`=`reiter`.`id`
LEFT JOIN `aufgaben_mitglieder` ON `aufgaben_mitglieder`.`aufgabeid`=`aufgaben`.`id`
LEFT JOIN `mitglieder` ON `aufgaben_mitglieder`.`mitgliedid`=`mitglieder`.`id`
GROUP BY `aufgaben`.`name`
ORDER BY `aufgaben`.`id`', [], false)
 5 APPPATH\Models\AufgabenModel.php(25): CodeIgniter\Database\BaseBuilder->get()
 6 APPPATH\Controllers\Aufgaben.php(27): App\Models\AufgabenModel->getData()
 7 SYSTEMPATH\CodeIgniter.php(925): App\Controllers\Aufgaben->index()
 8 SYSTEMPATH\CodeIgniter.php(480): CodeIgniter\CodeIgniter->runController(Object(App\Controllers\Aufgaben))
 9 SYSTEMPATH\CodeIgniter.php(349): CodeIgniter\CodeIgniter->handleRequest(null, Object(Config\Cache), false)
10 FCPATH\index.php(67): CodeIgniter\CodeIgniter->run()
ERROR - 2023-01-20 05:45:59 --> mysqli_sql_exception: You have an error in your SQL syntax; check the manual that corresponds to your MariaDB server version for the right syntax to use near 'seperator "") As zuständig
FROM `aufgaben`
JOIN `reiter` ON `aufgaben`.`reit...' at line 1 in C:\xampp\htdocs\codeigniteru6\system\Database\MySQLi\Connection.php:292
Stack trace:
#0 C:\xampp\htdocs\codeigniteru6\system\Database\MySQLi\Connection.php(292): mysqli->query('SELECT `aufgabe...', 0)
#1 C:\xampp\htdocs\codeigniteru6\system\Database\BaseConnection.php(666): CodeIgniter\Database\MySQLi\Connection->execute('SELECT `aufgabe...')
#2 C:\xampp\htdocs\codeigniteru6\system\Database\BaseConnection.php(593): CodeIgniter\Database\BaseConnection->simpleQuery('SELECT `aufgabe...')
#3 C:\xampp\htdocs\codeigniteru6\system\Database\BaseBuilder.php(1585): CodeIgniter\Database\BaseConnection->query('SELECT `aufgabe...', Array, false)
#4 C:\xampp\htdocs\codeigniteru6\app\Models\AufgabenModel.php(25): CodeIgniter\Database\BaseBuilder->get()
#5 C:\xampp\htdocs\codeigniteru6\app\Controllers\Aufgaben.php(27): App\Models\AufgabenModel->getData()
#6 C:\xampp\htdocs\codeigniteru6\system\CodeIgniter.php(925): App\Controllers\Aufgaben->index()
#7 C:\xampp\htdocs\codeigniteru6\system\CodeIgniter.php(480): CodeIgniter\CodeIgniter->runController(Object(App\Controllers\Aufgaben))
#8 C:\xampp\htdocs\codeigniteru6\system\CodeIgniter.php(349): CodeIgniter\CodeIgniter->handleRequest(NULL, Object(Config\Cache), false)
#9 C:\xampp\htdocs\codeigniteru6\public\index.php(67): CodeIgniter\CodeIgniter->run()
#10 {main}
CRITICAL - 2023-01-20 05:45:59 --> You have an error in your SQL syntax; check the manual that corresponds to your MariaDB server version for the right syntax to use near 'seperator "") As zuständig
FROM `aufgaben`
JOIN `reiter` ON `aufgaben`.`reit...' at line 1
in SYSTEMPATH\Database\MySQLi\Connection.php on line 292.
 1 SYSTEMPATH\Database\MySQLi\Connection.php(292): mysqli->query('SELECT `aufgaben`.`name` As `name`, `aufgaben`.`beschreibung` As `beschreibung`, `reiter`.`name` As `reiter`, group_concat("<li>", `mitglieder`.`username`, "</li>" seperator "") As zuständig
FROM `aufgaben`
JOIN `reiter` ON `aufgaben`.`reiter`=`reiter`.`id`
LEFT JOIN `aufgaben_mitglieder` ON `aufgaben_mitglieder`.`aufgabeid`=`aufgaben`.`id`
LEFT JOIN `mitglieder` ON `aufgaben_mitglieder`.`mitgliedid`=`mitglieder`.`id`
GROUP BY `aufgaben`.`name`
ORDER BY `aufgaben`.`id`', 0)
 2 SYSTEMPATH\Database\BaseConnection.php(666): CodeIgniter\Database\MySQLi\Connection->execute('SELECT `aufgaben`.`name` As `name`, `aufgaben`.`beschreibung` As `beschreibung`, `reiter`.`name` As `reiter`, group_concat("<li>", `mitglieder`.`username`, "</li>" seperator "") As zuständig
FROM `aufgaben`
JOIN `reiter` ON `aufgaben`.`reiter`=`reiter`.`id`
LEFT JOIN `aufgaben_mitglieder` ON `aufgaben_mitglieder`.`aufgabeid`=`aufgaben`.`id`
LEFT JOIN `mitglieder` ON `aufgaben_mitglieder`.`mitgliedid`=`mitglieder`.`id`
GROUP BY `aufgaben`.`name`
ORDER BY `aufgaben`.`id`')
 3 SYSTEMPATH\Database\BaseConnection.php(593): CodeIgniter\Database\BaseConnection->simpleQuery('SELECT `aufgaben`.`name` As `name`, `aufgaben`.`beschreibung` As `beschreibung`, `reiter`.`name` As `reiter`, group_concat("<li>", `mitglieder`.`username`, "</li>" seperator "") As zuständig
FROM `aufgaben`
JOIN `reiter` ON `aufgaben`.`reiter`=`reiter`.`id`
LEFT JOIN `aufgaben_mitglieder` ON `aufgaben_mitglieder`.`aufgabeid`=`aufgaben`.`id`
LEFT JOIN `mitglieder` ON `aufgaben_mitglieder`.`mitgliedid`=`mitglieder`.`id`
GROUP BY `aufgaben`.`name`
ORDER BY `aufgaben`.`id`')
 4 SYSTEMPATH\Database\BaseBuilder.php(1585): CodeIgniter\Database\BaseConnection->query('SELECT `aufgaben`.`name` As `name`, `aufgaben`.`beschreibung` As `beschreibung`, `reiter`.`name` As `reiter`, group_concat("<li>", `mitglieder`.`username`, "</li>" seperator "") As zuständig
FROM `aufgaben`
JOIN `reiter` ON `aufgaben`.`reiter`=`reiter`.`id`
LEFT JOIN `aufgaben_mitglieder` ON `aufgaben_mitglieder`.`aufgabeid`=`aufgaben`.`id`
LEFT JOIN `mitglieder` ON `aufgaben_mitglieder`.`mitgliedid`=`mitglieder`.`id`
GROUP BY `aufgaben`.`name`
ORDER BY `aufgaben`.`id`', [], false)
 5 APPPATH\Models\AufgabenModel.php(25): CodeIgniter\Database\BaseBuilder->get()
 6 APPPATH\Controllers\Aufgaben.php(27): App\Models\AufgabenModel->getData()
 7 SYSTEMPATH\CodeIgniter.php(925): App\Controllers\Aufgaben->index()
 8 SYSTEMPATH\CodeIgniter.php(480): CodeIgniter\CodeIgniter->runController(Object(App\Controllers\Aufgaben))
 9 SYSTEMPATH\CodeIgniter.php(349): CodeIgniter\CodeIgniter->handleRequest(null, Object(Config\Cache), false)
10 FCPATH\index.php(67): CodeIgniter\CodeIgniter->run()
ERROR - 2023-01-20 06:04:24 --> mysqli_sql_exception: Unknown column 'aufgabe.name' in 'field list' in C:\xampp\htdocs\codeigniteru6\system\Database\MySQLi\Connection.php:292
Stack trace:
#0 C:\xampp\htdocs\codeigniteru6\system\Database\MySQLi\Connection.php(292): mysqli->query('SELECT `reiter`...', 0)
#1 C:\xampp\htdocs\codeigniteru6\system\Database\BaseConnection.php(666): CodeIgniter\Database\MySQLi\Connection->execute('SELECT `reiter`...')
#2 C:\xampp\htdocs\codeigniteru6\system\Database\BaseConnection.php(593): CodeIgniter\Database\BaseConnection->simpleQuery('SELECT `reiter`...')
#3 C:\xampp\htdocs\codeigniteru6\system\Database\BaseBuilder.php(1585): CodeIgniter\Database\BaseConnection->query('SELECT `reiter`...', Array, false)
#4 C:\xampp\htdocs\codeigniteru6\app\Models\Aktuelle_ProjekteModel.php(17): CodeIgniter\Database\BaseBuilder->get()
#5 C:\xampp\htdocs\codeigniteru6\app\Controllers\Aktuelle_Projekte.php(17): App\Models\Aktuelle_ProjekteModel->getData()
#6 C:\xampp\htdocs\codeigniteru6\system\CodeIgniter.php(925): App\Controllers\Aktuelle_Projekte->index()
#7 C:\xampp\htdocs\codeigniteru6\system\CodeIgniter.php(480): CodeIgniter\CodeIgniter->runController(Object(App\Controllers\Aktuelle_Projekte))
#8 C:\xampp\htdocs\codeigniteru6\system\CodeIgniter.php(349): CodeIgniter\CodeIgniter->handleRequest(NULL, Object(Config\Cache), false)
#9 C:\xampp\htdocs\codeigniteru6\public\index.php(67): CodeIgniter\CodeIgniter->run()
#10 {main}
CRITICAL - 2023-01-20 06:04:24 --> Unknown column 'aufgabe.name' in 'field list'
in SYSTEMPATH\Database\MySQLi\Connection.php on line 292.
 1 SYSTEMPATH\Database\MySQLi\Connection.php(292): mysqli->query('SELECT `reiter`.`name`, group_concat("<li>", `aufgabe`.`name`, "(", `mitglieder`.`username`, ")", "</li>")
FROM `reiter`
LEFT JOIN `aufgaben` ON `aufgaben`.`reiter`=`reiter`.`id`
LEFT JOIN `aufgaben_mitglieder` ON `aufgaben_mitglieder`.`aufgabeid`=`aufgaben`.`id`
LEFT JOIN `mitglieder` ON `aufgaben_mitglieder`.`mitgliedid`=`mitglieder`.`id`
GROUP BY `reiter`.`id`
ORDER BY `reiter`.`id`', 0)
 2 SYSTEMPATH\Database\BaseConnection.php(666): CodeIgniter\Database\MySQLi\Connection->execute('SELECT `reiter`.`name`, group_concat("<li>", `aufgabe`.`name`, "(", `mitglieder`.`username`, ")", "</li>")
FROM `reiter`
LEFT JOIN `aufgaben` ON `aufgaben`.`reiter`=`reiter`.`id`
LEFT JOIN `aufgaben_mitglieder` ON `aufgaben_mitglieder`.`aufgabeid`=`aufgaben`.`id`
LEFT JOIN `mitglieder` ON `aufgaben_mitglieder`.`mitgliedid`=`mitglieder`.`id`
GROUP BY `reiter`.`id`
ORDER BY `reiter`.`id`')
 3 SYSTEMPATH\Database\BaseConnection.php(593): CodeIgniter\Database\BaseConnection->simpleQuery('SELECT `reiter`.`name`, group_concat("<li>", `aufgabe`.`name`, "(", `mitglieder`.`username`, ")", "</li>")
FROM `reiter`
LEFT JOIN `aufgaben` ON `aufgaben`.`reiter`=`reiter`.`id`
LEFT JOIN `aufgaben_mitglieder` ON `aufgaben_mitglieder`.`aufgabeid`=`aufgaben`.`id`
LEFT JOIN `mitglieder` ON `aufgaben_mitglieder`.`mitgliedid`=`mitglieder`.`id`
GROUP BY `reiter`.`id`
ORDER BY `reiter`.`id`')
 4 SYSTEMPATH\Database\BaseBuilder.php(1585): CodeIgniter\Database\BaseConnection->query('SELECT `reiter`.`name`, group_concat("<li>", `aufgabe`.`name`, "(", `mitglieder`.`username`, ")", "</li>")
FROM `reiter`
LEFT JOIN `aufgaben` ON `aufgaben`.`reiter`=`reiter`.`id`
LEFT JOIN `aufgaben_mitglieder` ON `aufgaben_mitglieder`.`aufgabeid`=`aufgaben`.`id`
LEFT JOIN `mitglieder` ON `aufgaben_mitglieder`.`mitgliedid`=`mitglieder`.`id`
GROUP BY `reiter`.`id`
ORDER BY `reiter`.`id`', [], false)
 5 APPPATH\Models\Aktuelle_ProjekteModel.php(17): CodeIgniter\Database\BaseBuilder->get()
 6 APPPATH\Controllers\Aktuelle_Projekte.php(17): App\Models\Aktuelle_ProjekteModel->getData()
 7 SYSTEMPATH\CodeIgniter.php(925): App\Controllers\Aktuelle_Projekte->index()
 8 SYSTEMPATH\CodeIgniter.php(480): CodeIgniter\CodeIgniter->runController(Object(App\Controllers\Aktuelle_Projekte))
 9 SYSTEMPATH\CodeIgniter.php(349): CodeIgniter\CodeIgniter->handleRequest(null, Object(Config\Cache), false)
10 FCPATH\index.php(67): CodeIgniter\CodeIgniter->run()
CRITICAL - 2023-01-20 06:17:11 --> Undefined array key "reiter.name"
in APPPATH\Views\Aktuelle_Projekte\Aktuelle_Projekte.php on line 28.
 1 APPPATH\Views\Aktuelle_Projekte\Aktuelle_Projekte.php(28): CodeIgniter\Debug\Exceptions->errorHandler(2, 'Undefined array key "reiter.name"', 'APPPATH\\Views\\Aktuelle_Projekte\\Aktuelle_Projekte.php', 28)
 2 SYSTEMPATH\View\View.php(213): include('APPPATH\\Views\\Aktuelle_Projekte\\Aktuelle_Projekte.php')
 3 SYSTEMPATH\View\View.php(216): CodeIgniter\View\View->CodeIgniter\View\{closure}()
 4 SYSTEMPATH\Common.php(1135): CodeIgniter\View\View->render('Aktuelle_Projekte/Aktuelle_Projekte', [], true)
 5 APPPATH\Controllers\Aktuelle_Projekte.php(21): view('Aktuelle_Projekte/Aktuelle_Projekte')
 6 SYSTEMPATH\CodeIgniter.php(925): App\Controllers\Aktuelle_Projekte->index()
 7 SYSTEMPATH\CodeIgniter.php(480): CodeIgniter\CodeIgniter->runController(Object(App\Controllers\Aktuelle_Projekte))
 8 SYSTEMPATH\CodeIgniter.php(349): CodeIgniter\CodeIgniter->handleRequest(null, Object(Config\Cache), false)
 9 FCPATH\index.php(67): CodeIgniter\CodeIgniter->run()
CRITICAL - 2023-01-20 06:38:35 --> mysqli_result::fetch_object(): Argument #1 ($class) must be a valid class name, mitgliedid given
in SYSTEMPATH\Database\MySQLi\Result.php on line 148.
 1 SYSTEMPATH\Database\MySQLi\Result.php(148): mysqli_result->fetch_object('mitgliedid')
 2 SYSTEMPATH\Database\BaseResult.php(149): CodeIgniter\Database\MySQLi\Result->fetchObject('mitgliedid')
 3 SYSTEMPATH\Database\BaseResult.php(106): CodeIgniter\Database\BaseResult->getCustomResultObject('mitgliedid')
 4 APPPATH\Models\MitgliederModel.php(36): CodeIgniter\Database\BaseResult->getResult('mitgliedid')
 5 APPPATH\Controllers\Mitglieder.php(21): App\Models\MitgliederModel->getPersoninProjekt('4')
 6 SYSTEMPATH\CodeIgniter.php(925): App\Controllers\Mitglieder->index()
 7 SYSTEMPATH\CodeIgniter.php(480): CodeIgniter\CodeIgniter->runController(Object(App\Controllers\Mitglieder))
 8 SYSTEMPATH\CodeIgniter.php(349): CodeIgniter\CodeIgniter->handleRequest(null, Object(Config\Cache), false)
 9 FCPATH\index.php(67): CodeIgniter\CodeIgniter->run()
CRITICAL - 2023-01-20 06:46:14 --> Undefined variable $ergebnis
in APPPATH\Models\MitgliederModel.php on line 38.
 1 APPPATH\Models\MitgliederModel.php(38): CodeIgniter\Debug\Exceptions->errorHandler(2, 'Undefined variable $ergebnis', 'APPPATH\\Models\\MitgliederModel.php', 38)
 2 APPPATH\Controllers\Mitglieder.php(21): App\Models\MitgliederModel->getPersoninProjekt('4')
 3 SYSTEMPATH\CodeIgniter.php(925): App\Controllers\Mitglieder->index()
 4 SYSTEMPATH\CodeIgniter.php(480): CodeIgniter\CodeIgniter->runController(Object(App\Controllers\Mitglieder))
 5 SYSTEMPATH\CodeIgniter.php(349): CodeIgniter\CodeIgniter->handleRequest(null, Object(Config\Cache), false)
 6 FCPATH\index.php(67): CodeIgniter\CodeIgniter->run()
CRITICAL - 2023-01-20 08:46:12 --> Trying to access array offset on value of type null
in APPPATH\Controllers\Projekte.php on line 23.
 1 APPPATH\Controllers\Projekte.php(23): CodeIgniter\Debug\Exceptions->errorHandler(2, 'Trying to access array offset on value of type null', 'APPPATH\\Controllers\\Projekte.php', 23)
 2 SYSTEMPATH\CodeIgniter.php(925): App\Controllers\Projekte->index()
 3 SYSTEMPATH\CodeIgniter.php(480): CodeIgniter\CodeIgniter->runController(Object(App\Controllers\Projekte))
 4 SYSTEMPATH\CodeIgniter.php(349): CodeIgniter\CodeIgniter->handleRequest(null, Object(Config\Cache), false)
 5 FCPATH\index.php(67): CodeIgniter\CodeIgniter->run()
